Issuer: C = US, ST = New Jersey, L = Jersey City, O = The USERTRUST Network, CN = USERTrust ECC Certification Authority Subject: C = US, ST = New Jersey, L = Jersey City, O = The USERTRUST Network, CN = USERTrust ECC Certification Authority
Issuer: OU = GlobalSign ECC Root CA - R4, O = GlobalSign, CN = GlobalSign Subject: OU = GlobalSign ECC Root CA - R4, O = GlobalSign, CN = GlobalSign
Issuer: C = US, ST = Arizona, L = Scottsdale, O = "Starfield Technologies, Inc.", CN = Starfield Services Root Certificate Authority - G2 Subject: C = US, ST = Arizona, L = Scottsdale, O = "Starfield Technologies, Inc.", CN = Starfield Services Root Certificate Authority - G2
Issuer: OU = GlobalSign Root CA - R2, O = GlobalSign, CN = GlobalSign Subject: OU = GlobalSign Root CA - R2, O = GlobalSign, CN = GlobalSign
Issuer: O = Digital Signature Trust Co., CN = DST Root CA X3 Subject: O = Digital Signature Trust Co., CN = DST Root CA X3
Issuer: OU = GlobalSign Root CA - R3, O = GlobalSign, CN = GlobalSign Subject: OU = GlobalSign Root CA - R3, O = GlobalSign, CN = GlobalSign
Issuer: C = US, O = "Starfield Technologies, Inc.", OU = Starfield Class 2 Certification Authority Subject: C = US, O = "Starfield Technologies, Inc.", OU = Starfield Class 2 Certification Authority
Issuer: OU = GlobalSign ECC Root CA - R5, O = GlobalSign, CN = GlobalSign Subject: OU = GlobalSign ECC Root CA - R5, O = GlobalSign, CN = GlobalSign
Issuer: O = "Cybertrust, Inc", CN = Cybertrust Global Root Subject: O = "Cybertrust, Inc", CN = Cybertrust Global Root
Issuer: C = US, ST = New Jersey, L = Jersey City, O = The USERTRUST Network, CN = USERTrust RSA Certification Authority Subject: C = US, ST = New Jersey, L = Jersey City, O = The USERTRUST Network, CN = USERTrust RSA Certification Authority
Issuer: C = US, O = DigiCert Inc, OU = www.digicert.com, CN = DigiCert Global Root CA Subject: C = US, O = DigiCert Inc, OU = www.digicert.com, CN = DigiCert Global Root CA
Issuer: C = IE, O = Baltimore, OU = CyberTrust, CN = Baltimore CyberTrust Root Subject: C = IE, O = Baltimore, OU = CyberTrust, CN = Baltimore CyberTrust Root
Issuer: C = US, O = "VeriSign, Inc.", OU = VeriSign Trust Network, OU = "(c) 2008 VeriSign, Inc. - For authorized use only", CN = VeriSign Universal Root Certification Authority Subject: C = US, O = "VeriSign, Inc.", OU = VeriSign Trust Network, OU = "(c) 2008 VeriSign, Inc. - For authorized use only", CN = VeriSign Universal Root Certification Authority
Issuer: C = GB, ST = Greater Manchester, L = Salford, O = COMODO CA Limited, CN = COMODO Certification Authority Subject: C = GB, ST = Greater Manchester, L = Salford, O = COMODO CA Limited, CN = COMODO Certification Authority
Issuer: C = US, O = Google Trust Services LLC, CN = GTS Root R4 Subject: C = US, O = Google Trust Services LLC, CN = GTS Root R4
Issuer: C = US, O = Internet Security Research Group, CN = ISRG Root X1 Subject: C = US, O = Internet Security Research Group, CN = ISRG Root X1
Issuer: C = US, O = DigiCert Inc, OU = www.digicert.com, CN = DigiCert Assured ID Root CA Subject: C = US, O = DigiCert Inc, OU = www.digicert.com, CN = DigiCert Assured ID Root CA
Issuer: C = US, O = Google Trust Services LLC, CN = GTS Root R3 Subject: C = US, O = Google Trust Services LLC, CN = GTS Root R3
Issuer: C = GB, ST = Greater Manchester, L = Salford, O = Comodo CA Limited, CN = AAA Certificate Services Subject: C = GB, ST = Greater Manchester, L = Salford, O = Comodo CA Limited, CN = AAA Certificate Services
Issuer: C = US, O = Amazon, CN = Amazon Root CA 3 Subject: C = US, O = Amazon, CN = Amazon Root CA 3
Issuer: C = US, O = DigiCert Inc, OU = www.digicert.com, CN = DigiCert High Assurance EV Root CA Subject: C = US, O = DigiCert Inc, OU = www.digicert.com, CN = DigiCert High Assurance EV Root CA
Issuer: C = US, ST = Arizona, L = Scottsdale, O = "Starfield Technologies, Inc.", CN = Starfield Root Certificate Authority - G2 Subject: C = US, ST = Arizona, L = Scottsdale, O = "Starfield Technologies, Inc.", CN = Starfield Root Certificate Authority - G2
Issuer: C = GB, ST = Greater Manchester, L = Salford, O = COMODO CA Limited, CN = COMODO ECC Certification Authority Subject: C = GB, ST = Greater Manchester, L = Salford, O = COMODO CA Limited, CN = COMODO ECC Certification Authority
Issuer: C = US, O = DigiCert Inc, OU = www.digicert.com, CN = DigiCert Assured ID Root G2 Subject: C = US, O = DigiCert Inc, OU = www.digicert.com, CN = DigiCert Assured ID Root G2
Issuer: OU = GlobalSign Root CA - R6, O = GlobalSign, CN = GlobalSign Subject: OU = GlobalSign Root CA - R6, O = GlobalSign, CN = GlobalSign
Issuer: C = US, O = DigiCert Inc, OU = www.digicert.com, CN = DigiCert Trusted Root G4 Subject: C = US, O = DigiCert Inc, OU = www.digicert.com, CN = DigiCert Trusted Root G4
Issuer: C = BE, O = GlobalSign nv-sa, OU = Root CA, CN = GlobalSign Root CA Subject: C = BE, O = GlobalSign nv-sa, OU = Root CA, CN = GlobalSign Root CA
Issuer: C = US, O = DigiCert Inc, OU = www.digicert.com, CN = DigiCert Assured ID Root G3 Subject: C = US, O = DigiCert Inc, OU = www.digicert.com, CN = DigiCert Assured ID Root G3
Issuer: C = US, O = Google Trust Services LLC, CN = GTS Root R2 Subject: C = US, O = Google Trust Services LLC, CN = GTS Root R2
Issuer: C = US, O = DigiCert Inc, OU = www.digicert.com, CN = DigiCert Global Root G2 Subject: C = US, O = DigiCert Inc, OU = www.digicert.com, CN = DigiCert Global Root G2
Issuer: C = US, O = Amazon, CN = Amazon Root CA 4 Subject: C = US, O = Amazon, CN = Amazon Root CA 4
Issuer: C = GB, ST = Greater Manchester, L = Salford, O = COMODO CA Limited, CN = COMODO RSA Certification Authority Subject: C = GB, ST = Greater Manchester, L = Salford, O = COMODO CA Limited, CN = COMODO RSA Certification Authority
Issuer: C = US, O = DigiCert Inc, OU = www.digicert.com, CN = DigiCert Global Root G3 Subject: C = US, O = DigiCert Inc, OU = www.digicert.com, CN = DigiCert Global Root G3
Issuer: C = US, O = Google Trust Services LLC, CN = GTS Root R1 Subject: C = US, O = Google Trust Services LLC, CN = GTS Root R1
Issuer: C = US, O = Amazon, CN = Amazon Root CA 2 Subject: C = US, O = Amazon, CN = Amazon Root CA 2
Issuer: C = US, O = Amazon, CN = Amazon Root CA 1 Subject: C = US, O = Amazon, CN = Amazon Root CA 1
Toolchain path: /home/pi/esp/crosstool-NG/builds/xtensa-esp32-elf/bin/xtensa-esp32-elf-gcc
WARNING: Toolchain version is not supported: crosstool-ng-1.22.0-97-gc752ad5d
Expected to see version: crosstool-ng-1.22.0-80-g6c4433a
Please check ESP-IDF setup instructions and update the toolchain, or proceed at your own risk.
Compiler version: 5.2.0
make[1]: Entering directory '/home/pi/esp/esp-idf/tools/kconfig'
/home/pi/esp/esp-idf/tools/kconfig/lxdialog/check-lxdialog.sh -check cc  -D_DEFAULT_SOURCE -D_XOPEN_SOURCE=600 -DCURSES_LOC="<ncurses.h>" -DNCURSES_WIDECHAR=1 -DLOCALE -MMD -MP -lncursesw -ltinfo
cc -c  -D_DEFAULT_SOURCE -D_XOPEN_SOURCE=600 -DCURSES_LOC="<ncurses.h>" -DNCURSES_WIDECHAR=1 -DLOCALE -MMD -MP  /home/pi/esp/esp-idf/tools/kconfig/lxdialog/checklist.c -o lxdialog/checklist.o
cc -c  -D_DEFAULT_SOURCE -D_XOPEN_SOURCE=600 -DCURSES_LOC="<ncurses.h>" -DNCURSES_WIDECHAR=1 -DLOCALE -MMD -MP  /home/pi/esp/esp-idf/tools/kconfig/lxdialog/util.c -o lxdialog/util.o
cc -c  -D_DEFAULT_SOURCE -D_XOPEN_SOURCE=600 -DCURSES_LOC="<ncurses.h>" -DNCURSES_WIDECHAR=1 -DLOCALE -MMD -MP  /home/pi/esp/esp-idf/tools/kconfig/lxdialog/inputbox.c -o lxdialog/inputbox.o
cc -c  -D_DEFAULT_SOURCE -D_XOPEN_SOURCE=600 -DCURSES_LOC="<ncurses.h>" -DNCURSES_WIDECHAR=1 -DLOCALE -MMD -MP  /home/pi/esp/esp-idf/tools/kconfig/lxdialog/textbox.c -o lxdialog/textbox.o
cc -c  -D_DEFAULT_SOURCE -D_XOPEN_SOURCE=600 -DCURSES_LOC="<ncurses.h>" -DNCURSES_WIDECHAR=1 -DLOCALE -MMD -MP  /home/pi/esp/esp-idf/tools/kconfig/lxdialog/yesno.c -o lxdialog/yesno.o
cc -c  -D_DEFAULT_SOURCE -D_XOPEN_SOURCE=600 -DCURSES_LOC="<ncurses.h>" -DNCURSES_WIDECHAR=1 -DLOCALE -MMD -MP  /home/pi/esp/esp-idf/tools/kconfig/lxdialog/menubox.c -o lxdialog/menubox.o
cc -o mconf-idf mconf.o zconf.tab.o lxdialog/checklist.o lxdialog/util.o lxdialog/inputbox.o lxdialog/textbox.o lxdialog/yesno.o lxdialog/menubox.o -lncursesw -ltinfo
make[1]: Leaving directory '/home/pi/esp/esp-idf/tools/kconfig'
GENCONFIG
App "nina-fw" version: 9995a6c-dirty
WARNING: Missing submodule components/asio/asio...
WARNING: Missing submodule components/bt/lib...
Attempting 'git submodule update --init components/asio/asio' in esp-idf root directory...
Attempting 'git submodule update --init components/bt/lib' in esp-idf root directory...
WARNING: Missing submodule components/coap/libcoap...
WARNING: Missing submodule components/esp32/lib...
Attempting 'git submodule update --init components/esp32/lib' in esp-idf root directory...
Attempting 'git submodule update --init components/coap/libcoap' in esp-idf root directory...
WARNING: Missing submodule components/expat/expat...
Attempting 'git submodule update --init components/expat/expat' in esp-idf root directory...
WARNING: Missing submodule components/json/cJSON...
Attempting 'git submodule update --init components/json/cJSON' in esp-idf root directory...
WARNING: Missing submodule components/libsodium/libsodium...
Attempting 'git submodule update --init components/libsodium/libsodium' in esp-idf root directory...
WARNING: Missing submodule components/lwip/lwip...
Attempting 'git submodule update --init components/lwip/lwip' in esp-idf root directory...
WARNING: Missing submodule components/mbedtls/mbedtls...
WARNING: Toolchain version is not supported: crosstool-ng-1.22.0-97-gc752ad5d
Expected to see version: crosstool-ng-1.22.0-80-g6c4433a
Please check ESP-IDF setup instructions and update the toolchain, or proceed at your own risk.
Attempting 'git submodule update --init components/mbedtls/mbedtls' in esp-idf root directory...
WARNING: Missing submodule components/micro-ecc/micro-ecc...
Attempting 'git submodule update --init components/micro-ecc/micro-ecc' in esp-idf root directory...
Python requirements from /home/pi/esp/esp-idf/requirements.txt are satisfied.
WARNING: Missing submodule components/mqtt/esp-mqtt...
Attempting 'git submodule update --init components/mqtt/esp-mqtt' in esp-idf root directory...
WARNING: Missing submodule components/nghttp/nghttp2...
WARNING: Missing submodule components/protobuf-c/protobuf-c...
Attempting 'git submodule update --init components/nghttp/nghttp2' in esp-idf root directory...
Attempting 'git submodule update --init components/protobuf-c/protobuf-c' in esp-idf root directory...
WARNING: Missing submodule components/spiffs/spiffs...
Attempting 'git submodule update --init components/spiffs/spiffs' in esp-idf root directory...
WARNING: Missing submodule components/unity/unity...
WARNING: Missing submodule components/esptool_py/esptool...
Attempting 'git submodule update --init components/unity/unity' in esp-idf root directory...
Attempting 'git submodule update --init components/esptool_py/esptool' in esp-idf root directory...
CC phy_init_data.o
Building partitions from /home/pi/esp/nina-fw-mine/partitions.csv...
CC build/app_trace/app_trace_util.o
App "nina-fw" version: 9995a6c-dirty
CC build/app_update/esp_ota_ops.o
CC build/app_trace/host_file_io.o
CC build/app_trace/app_trace.o
CC build/app_update/esp_app_desc.o
WARNING: Missing submodule components/micro-ecc/micro-ecc...
Attempting 'git submodule update --init components/micro-ecc/micro-ecc' in esp-idf root directory...
CC build/app_trace/gcov/gcov_rtio.o
WARNING: Missing submodule components/esptool_py/esptool...
Attempting 'git submodule update --init components/esptool_py/esptool' in esp-idf root directory...
AR build/app_update/libapp_update.a
WARNING: Missing submodule components/esp32/lib...
Attempting 'git submodule update --init components/esp32/lib' in esp-idf root directory...
AR build/app_trace/libapp_trace.a
CXX build/asio/asio/asio/src/asio.o
AR build/aws_iot/libaws_iot.a
CC build/bootloader_support/src/bootloader_flash.o
CC build/bootloader/bootloader_support/src/bootloader_flash.o
CC build/bootloader_support/src/flash_qio_mode.o
CC build/arduino/cores/esp32/wiring.o
CC build/arduino/cores/esp32/WInterrupts.o
CC build/bootloader/bootloader_support/src/flash_qio_mode.o
CC build/bootloader_support/src/bootloader_flash_config.o
CC build/arduino/cores/esp32/wiring_digital.o
CC build/bootloader/bootloader_support/src/bootloader_flash_config.o
CC build/arduino/cores/esp32/itoa.o
CC build/bootloader_support/src/secure_boot_signatures.o
CC build/arduino/cores/esp32/delay.o
CC build/bootloader/bootloader_support/src/secure_boot_signatures.o
CC build/bootloader_support/src/bootloader_utility.o
CC build/arduino/cores/esp32/wiring_analog.o
CC build/bootloader/bootloader_support/src/bootloader_init.o
CC build/arduino/libraries/ArduinoBearSSL/src/aiotc_profile.o
/home/pi/esp/nina-fw-mine/arduino/libraries/ArduinoBearSSL/src/aiotc_profile.c: In function 'aiotc_client_profile_init':
/home/pi/esp/nina-fw-mine/arduino/libraries/ArduinoBearSSL/src/aiotc_profile.c:54:7: warning: unused variable 'id' [-Wunused-variable]
   int id;
       ^
CC build/bootloader_support/src/bootloader_common.o
/home/pi/esp/nina-fw-mine/arduino/libraries/ArduinoBearSSL/src/aiotc_profile.c: At top level:
cc1: warning: unrecognized command line option '-Wno-int-in-bool-context'
cc1: warning: unrecognized command line option '-Wno-memset-elt-size'
cc1: warning: unrecognized command line option '-Wno-format-truncation'
cc1: warning: unrecognized command line option '-Wno-switch-unreachable'
cc1: warning: unrecognized command line option '-Wno-unused-const-variable'
cc1: warning: unrecognized command line option '-Wno-implicit-fallthrough'
cc1: warning: unrecognized command line option '-Wno-cast-function-type'
cc1: warning: unrecognized command line option '-Wno-misleading-indentation'
cc1: warning: unrecognized command line option '-Wno-stringop-truncation'
cc1: warning: unrecognized command line option '-Wno-format-overflow'
CC build/bootloader/bootloader_support/src/bootloader_utility.o
CC build/arduino/libraries/ArduinoBearSSL/src/bearssl/ec_c25519_i31.o
CC build/arduino/libraries/ArduinoBearSSL/src/bearssl/aes_ct_ctr.o
CC build/bootloader_support/src/secure_boot.o
CC build/bootloader/bootloader_support/src/bootloader_common.o
CC build/arduino/libraries/ArduinoBearSSL/src/bearssl/prf_sha384.o
CC build/bootloader_support/src/bootloader_clock.o
CC build/arduino/libraries/ArduinoBearSSL/src/bearssl/ghash_ctmul.o
CC build/bootloader/bootloader_support/src/secure_boot.o
CC build/bootloader_support/src/flash_partitions.o
CC build/bootloader/bootloader_support/src/bootloader_clock.o
CC build/arduino/libraries/ArduinoBearSSL/src/bearssl/dec16be.o
CC build/bootloader_support/src/esp_image_format.o
CC build/bootloader/bootloader_support/src/flash_partitions.o
CC build/arduino/libraries/ArduinoBearSSL/src/bearssl/aesctr_drbg.o
CC build/bootloader/bootloader_support/src/esp_image_format.o
CC build/arduino/libraries/ArduinoBearSSL/src/bearssl/i32_decmod.o
CC build/bootloader_support/src/bootloader_sha.o
CC build/arduino/libraries/ArduinoBearSSL/src/bearssl/i32_muladd.o
CC build/bootloader_support/src/flash_encrypt.o
CC build/bootloader/bootloader_support/src/bootloader_sha.o
CC build/arduino/libraries/ArduinoBearSSL/src/bearssl/i15_decred.o
CC build/bootloader/bootloader_support/src/flash_encrypt.o
CC build/arduino/libraries/ArduinoBearSSL/src/bearssl/rsa_i15_pkcs1_sign.o
CC build/bootloader_support/src/bootloader_random.o
CC build/arduino/libraries/ArduinoBearSSL/src/bearssl/dec32be.o
CC build/bootloader/bootloader_support/src/bootloader_random.o
CC build/arduino/libraries/ArduinoBearSSL/src/bearssl/ssl_server_full_ec.o
AR build/bootloader_support/libbootloader_support.a
CC build/arduino/libraries/ArduinoBearSSL/src/bearssl/rsa_default_keygen.o
AR build/bootloader/bootloader_support/libbootloader_support.a
CC build/bootloader/log/log.o
CC build/arduino/libraries/ArduinoBearSSL/src/bearssl/rsa_i62_oaep_decrypt.o
CC build/bootloader/spi_flash/spi_flash_rom_patch.o
AR build/bootloader/log/liblog.a
CC build/arduino/libraries/ArduinoBearSSL/src/bearssl/ssl_client.o
CC build/bootloader/micro-ecc/micro-ecc/uECC.o
CC build/arduino/libraries/ArduinoBearSSL/src/bearssl/x509_minimal_full.o
AR build/bootloader/spi_flash/libspi_flash.a
CC build/arduino/libraries/ArduinoBearSSL/src/bearssl/ssl_rec_ccm.o
CC build/bootloader/soc/esp32/soc_memory_layout.o
CC build/bootloader/soc/esp32/rtc_pm.o
CC build/bootloader/soc/esp32/rtc_periph.o
CC build/arduino/libraries/ArduinoBearSSL/src/bearssl/aes_ct64_cbcdec.o
CC build/bootloader/soc/esp32/cpu_util.o
CC build/bootloader/soc/esp32/sdmmc_periph.o
CC build/arduino/libraries/ArduinoBearSSL/src/bearssl/rsa_i32_oaep_decrypt.o
CC build/bootloader/soc/esp32/rtc_wdt.o
CC build/arduino/libraries/ArduinoBearSSL/src/bearssl/encode_rsa_pk8der.o
CC build/bootloader/soc/esp32/sdio_slave_periph.o
AR build/bootloader/micro-ecc/libmicro-ecc.a
CC build/bootloader/soc/esp32/rtc_init.o
CC build/arduino/libraries/ArduinoBearSSL/src/bearssl/aes_small_cbcdec.o
CC build/arduino/libraries/ArduinoBearSSL/src/bearssl/ecdsa_i31_bits.o
CC build/bootloader/soc/esp32/spi_periph.o
CC build/bootloader/soc/esp32/rtc_clk_init.o
CC build/bootloader/soc/esp32/gpio_periph.o
CC build/arduino/libraries/ArduinoBearSSL/src/bearssl/ec_default.o
CC build/bootloader/main/bootloader_start.o
CC build/bootloader/soc/esp32/rtc_sleep.o
CC build/arduino/libraries/ArduinoBearSSL/src/bearssl/rsa_i31_priv.o
AR build/bootloader/main/libmain.a
CC build/bootloader/soc/esp32/rtc_time.o
CC build/arduino/libraries/ArduinoBearSSL/src/bearssl/i31_modpow.o
CC build/bootloader/soc/esp32/rtc_clk.o
CC build/bootloader/efuse/esp32/esp_efuse_table.o
CC build/arduino/libraries/ArduinoBearSSL/src/bearssl/i15_bitlen.o
CC build/bootloader/efuse/src/esp_efuse_api.o
CC build/arduino/libraries/ArduinoBearSSL/src/bearssl/ssl_client_full.o
CC build/bootloader/efuse/src/esp_efuse_utility.o
CC build/bootloader/soc/src//memory_layout_utils.o
CC build/arduino/libraries/ArduinoBearSSL/src/bearssl/pemdec.o
AR build/bootloader/soc/libsoc.a
CC build/arduino/libraries/ArduinoBearSSL/src/bearssl/i31_muladd.o
CC build/bootloader/efuse/src/esp_efuse_fields.o
CC build/arduino/libraries/ArduinoBearSSL/src/bearssl/ec_curve25519.o
CC build/arduino/libraries/ArduinoBearSSL/src/bearssl/aes_ct.o
AR build/bootloader/efuse/libefuse.a
LD build/bootloader/bootloader.elf
CC build/bt/bt.o
CC build/arduino/libraries/ArduinoBearSSL/src/bearssl/i31_encode.o
CC build/arduino/libraries/ArduinoBearSSL/src/bearssl/ssl_keyexport.o
esptool.py v2.8
CC build/arduino/libraries/ArduinoBearSSL/src/bearssl/ecdsa_i15_sign_asn1.o
CC build/arduino/libraries/ArduinoBearSSL/src/bearssl/rsa_default_privexp.o
CC build/coap/libcoap/src/address.o
CC build/arduino/libraries/ArduinoBearSSL/src/bearssl/aes_big_ctrcbc.o
AR build/bt/libbt.a
CC build/arduino/libraries/ArduinoBearSSL/src/bearssl/aes_pwr8_cbcdec.o
CC build/arduino/libraries/ArduinoBearSSL/src/bearssl/rsa_i15_keygen.o
CC build/arduino/libraries/ArduinoBearSSL/src/bearssl/i15_moddiv.o
CC build/coap/libcoap/src/async.o
CC build/arduino/libraries/ArduinoBearSSL/src/bearssl/i31_modpow2.o
CC build/coap/libcoap/src/block.o
CC build/console/linenoise/linenoise.o
CC build/arduino/libraries/ArduinoBearSSL/src/bearssl/enc32be.o
CC build/coap/libcoap/src/coap_time.o
CC build/arduino/libraries/ArduinoBearSSL/src/bearssl/i31_rshift.o
CC build/arduino/libraries/ArduinoBearSSL/src/bearssl/rsa_i32_pkcs1_vrfy.o
CC build/coap/libcoap/src/debug.o
CC build/console/argtable3/argtable3.o
CC build/arduino/libraries/ArduinoBearSSL/src/bearssl/ssl_engine_default_aesgcm.o
CC build/arduino/libraries/ArduinoBearSSL/src/bearssl/i32_ninv32.o
CC build/coap/libcoap/src/encode.o
CC build/arduino/libraries/ArduinoBearSSL/src/bearssl/rsa_i62_keygen.o
CC build/arduino/libraries/ArduinoBearSSL/src/bearssl/poly1305_ctmulq.o
CC build/coap/libcoap/src/hashkey.o
CC build/coap/libcoap/src/mem.o
CC build/arduino/libraries/ArduinoBearSSL/src/bearssl/encode_ec_rawder.o
CC build/arduino/libraries/ArduinoBearSSL/src/bearssl/ssl_engine_default_aesccm.o
CC build/coap/libcoap/src/net.o
CC build/arduino/libraries/ArduinoBearSSL/src/bearssl/aes_x86ni.o
CC build/arduino/libraries/ArduinoBearSSL/src/bearssl/ecdsa_i15_sign_raw.o
CC build/console/split_argv.o
CC build/arduino/libraries/ArduinoBearSSL/src/bearssl/i31_mulacc.o
CC build/console/commands.o
CC build/arduino/libraries/ArduinoBearSSL/src/bearssl/aes_small_enc.o
CC build/coap/libcoap/src/option.o
AR build/console/libconsole.a
CC build/coap/libcoap/src/pdu.o
CC build/arduino/libraries/ArduinoBearSSL/src/bearssl/rsa_i32_oaep_encrypt.o
AR build/asio/libasio.a
CC build/coap/libcoap/src/resource.o
CC build/arduino/libraries/ArduinoBearSSL/src/bearssl/aes_pwr8_cbcenc.o
CC build/arduino/libraries/ArduinoBearSSL/src/bearssl/aes_common.o
CC build/arduino/libraries/ArduinoBearSSL/src/bearssl/aes_small_ctrcbc.o
CC build/coap/libcoap/src/str.o
CC build/coap/libcoap/src/subscribe.o
CC build/arduino/libraries/ArduinoBearSSL/src/bearssl/ssl_server_mine2c.o
CC build/arduino/libraries/ArduinoBearSSL/src/bearssl/multihash.o
CC build/coap/libcoap/src/uri.o
CC build/arduino/libraries/ArduinoBearSSL/src/bearssl/i31_decmod.o
CC build/coap/port/coap_io_socket.o
CC build/arduino/libraries/ArduinoBearSSL/src/bearssl/aes_ct64_cbcenc.o
CC build/arduino/libraries/ArduinoBearSSL/src/bearssl/rsa_default_priv.o
CC build/arduino/libraries/ArduinoBearSSL/src/bearssl/i32_iszero.o
CC build/arduino/libraries/ArduinoBearSSL/src/bearssl/i31_montmul.o
CXX build/cxx/cxx_guards.o
CC build/driver/spi_master.o
AR build/coap/libcoap.a
CC build/arduino/libraries/ArduinoBearSSL/src/bearssl/ssl_io.o
CC build/efuse/esp32/esp_efuse_table.o
CC build/arduino/libraries/ArduinoBearSSL/src/bearssl/aes_ct_ctrcbc.o
CC build/efuse/src/esp_efuse_api.o
CC build/efuse/src/esp_efuse_utility.o
CC build/arduino/libraries/ArduinoBearSSL/src/bearssl/ssl_hs_server.o
CC build/efuse/src/esp_efuse_fields.o
AR build/efuse/libefuse.a
CC build/arduino/libraries/ArduinoBearSSL/src/bearssl/i15_fmont.o
CC build/driver/sigmadelta.o
CC build/esp-tls/esp_tls.o
CC build/arduino/libraries/ArduinoBearSSL/src/bearssl/enc16be.o
CC build/driver/uart.o
CC build/arduino/libraries/ArduinoBearSSL/src/bearssl/md5sha1.o
CXX build/cxx/cxx_exception_stubs.o
CC build/arduino/libraries/ArduinoBearSSL/src/bearssl/ssl_lru.o
AR build/cxx/libcxx.a
CC build/arduino/libraries/ArduinoBearSSL/src/bearssl/ccopy.o
AR build/esp-tls/libesp-tls.a
CC build/arduino/libraries/ArduinoBearSSL/src/bearssl/i15_reduce.o
CC build/esp32/panic.o
CC build/esp_adc_cal/esp_adc_cal.o
CC build/arduino/libraries/ArduinoBearSSL/src/bearssl/aes_pwr8.o
CC build/arduino/libraries/ArduinoBearSSL/src/bearssl/aes_small_cbcenc.o
AR build/esp_adc_cal/libesp_adc_cal.a
CC build/arduino/libraries/ArduinoBearSSL/src/bearssl/i15_ninv15.o
CC build/esp_event/default_event_loop.o
CC build/arduino/libraries/ArduinoBearSSL/src/bearssl/asn1enc.o
CC build/esp32/stack_check.o
CC build/arduino/libraries/ArduinoBearSSL/src/bearssl/i15_decmod.o
CC build/esp_event/esp_event.o
CC build/esp32/reset_reason.o
CC build/arduino/libraries/ArduinoBearSSL/src/bearssl/rsa_i31_modulus.o
CC build/driver/sdio_slave.o
CC build/arduino/libraries/ArduinoBearSSL/src/bearssl/des_ct_cbcdec.o
CC build/esp32/lib_printf.o
CC build/arduino/libraries/ArduinoBearSSL/src/bearssl/poly1305_ctmul.o
CC build/esp32/task_wdt.o
CC build/esp_event/esp_event_private.o
CC build/arduino/libraries/ArduinoBearSSL/src/bearssl/ecdsa_default_vrfy_asn1.o
CC build/esp32/esp_adapter.o
CC build/arduino/libraries/ArduinoBearSSL/src/bearssl/ec_secp256r1.o
AR build/esp_event/libesp_event.a
CC build/arduino/libraries/ArduinoBearSSL/src/bearssl/i15_montmul.o
CC build/driver/i2s.o
CC build/arduino/libraries/ArduinoBearSSL/src/bearssl/des_tab_cbcdec.o
CC build/arduino/libraries/ArduinoBearSSL/src/bearssl/ec_prime_i31.o
CC build/arduino/libraries/ArduinoBearSSL/src/bearssl/ec_secp521r1.o
CC build/esp32/sleep_modes.o
CC build/driver/sdspi_transaction.o
CC build/arduino/libraries/ArduinoBearSSL/src/bearssl/ecdsa_i31_vrfy_asn1.o
CC build/arduino/libraries/ArduinoBearSSL/src/bearssl/des_tab_cbcenc.o
CC build/arduino/libraries/ArduinoBearSSL/src/bearssl/aes_big_cbcenc.o
CC build/driver/ledc.o
CC build/arduino/libraries/ArduinoBearSSL/src/bearssl/ecdsa_i31_sign_raw.o
CC build/arduino/libraries/ArduinoBearSSL/src/bearssl/aes_ct64_ctr.o
CC build/arduino/libraries/ArduinoBearSSL/src/bearssl/i31_decred.o
CC build/esp32/dbg_stubs.o
CC build/esp32/cache_sram_mmu.o
CC build/arduino/libraries/ArduinoBearSSL/src/bearssl/ssl_engine_default_descbc.o
CC build/esp32/gdbstub.o
CC build/arduino/libraries/ArduinoBearSSL/src/bearssl/aes_x86ni_cbcenc.o
CC build/driver/spi_common.o
CC build/arduino/libraries/ArduinoBearSSL/src/bearssl/aes_ct64_dec.o
CC build/esp32/event_default_handlers.o
CC build/driver/sdspi_host.o
CC build/arduino/libraries/ArduinoBearSSL/src/bearssl/rsa_i31_keygen_inner.o
CC build/arduino/libraries/ArduinoBearSSL/src/bearssl/rsa_i62_pkcs1_vrfy.o
CC build/esp32/phy_init.o
CC build/driver/gpio.o
CC build/arduino/libraries/ArduinoBearSSL/src/bearssl/ssl_server.o
CC build/arduino/libraries/ArduinoBearSSL/src/bearssl/ghash_pclmul.o
CC build/arduino/libraries/ArduinoBearSSL/src/bearssl/rsa_i15_pubexp.o
CC build/driver/pcnt.o
CC build/esp32/pm_trace.o
CC build/arduino/libraries/ArduinoBearSSL/src/bearssl/rsa_i31_pkcs1_sign.o
CC build/esp32/spiram_psram.o
CC build/arduino/libraries/ArduinoBearSSL/src/bearssl/md5.o
CC build/esp_http_client/esp_http_client.o
CC build/esp32/wifi_init.o
CC build/arduino/libraries/ArduinoBearSSL/src/bearssl/ssl_engine_default_rsavrfy.o
CC build/driver/sdspi_crc.o
CC build/driver/rmt.o
CC build/arduino/libraries/ArduinoBearSSL/src/bearssl/i32_tmont.o
CC build/arduino/libraries/ArduinoBearSSL/src/bearssl/ecdsa_i15_vrfy_raw.o
CC build/esp32/esp_timer_esp32.o
CC build/arduino/libraries/ArduinoBearSSL/src/bearssl/rsa_i62_oaep_encrypt.o
CC build/esp_http_client/lib/http_header.o
CC build/arduino/libraries/ArduinoBearSSL/src/bearssl/i31_ninv31.o
CC build/esp32/clk.o
CC build/arduino/libraries/ArduinoBearSSL/src/bearssl/i62_modpow2.o
CC build/esp_http_client/lib/http_auth.o
CC build/esp32/freertos_hooks.o
CC build/arduino/libraries/ArduinoBearSSL/src/bearssl/ssl_client_default_rsapub.o
CC build/driver/mcpwm.o
CC build/arduino/libraries/ArduinoBearSSL/src/bearssl/i32_sub.o
CC build/esp32/spiram.o
CC build/esp_http_client/lib/http_utils.o
CC build/arduino/libraries/ArduinoBearSSL/src/bearssl/ssl_ccert_single_ec.o
AR build/esp_http_client/libesp_http_client.a
CC build/esp32/crosscore_int.o
CC build/esp_http_server/src/httpd_main.o
CC build/arduino/libraries/ArduinoBearSSL/src/bearssl/i31_bitlen.o
CC build/esp32/fast_crypto_ops.o
CC build/arduino/libraries/ArduinoBearSSL/src/bearssl/gcm.o
CC build/esp32/cpu_start.o
CC build/esp_http_server/src/httpd_txrx.o
CC build/arduino/libraries/ArduinoBearSSL/src/bearssl/encode_rsa_rawder.o
CC build/driver/sdmmc_transaction.o
CC build/arduino/libraries/ArduinoBearSSL/src/bearssl/rsa_i15_pkcs1_vrfy.o
CC build/esp32/system_api.o
CC build/arduino/libraries/ArduinoBearSSL/src/bearssl/ssl_rec_gcm.o
CC build/esp_http_server/src/httpd_uri.o
CC build/driver/can.o
CC build/arduino/libraries/ArduinoBearSSL/src/bearssl/rsa_default_oaep_encrypt.o
CC build/esp32/cache_err_int.o
CC build/esp_http_server/src/httpd_parse.o
CC build/arduino/libraries/ArduinoBearSSL/src/bearssl/enc64be.o
CC build/esp32/ipc.o
CC build/arduino/libraries/ArduinoBearSSL/src/bearssl/rsa_default_pkcs1_vrfy.o
CC build/driver/spi_slave.o
CC build/arduino/libraries/ArduinoBearSSL/src/bearssl/rsa_i31_pub.o
CC build/esp32/intr_alloc.o
CC build/arduino/libraries/ArduinoBearSSL/src/bearssl/rsa_oaep_pad.o
CC build/esp_http_server/src/httpd_sess.o
CC build/arduino/libraries/ArduinoBearSSL/src/bearssl/ecdsa_i31_sign_asn1.o
CC build/driver/i2c.o
CC build/arduino/libraries/ArduinoBearSSL/src/bearssl/i15_mulacc.o
CC build/esp32/restore.o
CC build/arduino/libraries/ArduinoBearSSL/src/bearssl/i32_add.o
CC build/esp_http_server/src/util/ctrl_sock.o
CC build/esp32/ets_timer_legacy.o
CC build/arduino/libraries/ArduinoBearSSL/src/bearssl/rsa_i15_oaep_encrypt.o
CC build/arduino/libraries/ArduinoBearSSL/src/bearssl/i31_moddiv.o
CC build/esp32/coexist.o
AR build/esp_http_server/libesp_http_server.a
CC build/esp32/int_wdt.o
CC build/esp_https_ota/src/esp_https_ota.o
CC build/arduino/libraries/ArduinoBearSSL/src/bearssl/i32_decode.o
CC build/esp32/pm_locks.o
CC build/arduino/libraries/ArduinoBearSSL/src/bearssl/enc32le.o
CC build/driver/sdmmc_host.o
CC build/esp32/event_loop.o
AR build/esp_https_ota/libesp_https_ota.a
CC build/arduino/libraries/ArduinoBearSSL/src/bearssl/ssl_engine_default_ec.o
CC build/esp32/pm_esp32.o
CC build/arduino/libraries/ArduinoBearSSL/src/bearssl/rsa_oaep_unpad.o
CC build/driver/timer.o
CC build/arduino/libraries/ArduinoBearSSL/src/bearssl/des_ct.o
CC build/esp32/esp_err_to_name.o
CC build/esp32/hw_random.o
CC build/driver/periph_ctrl.o
CC build/arduino/libraries/ArduinoBearSSL/src/bearssl/rsa_i31_pubexp.o
CC build/esp32/esp_timer.o
CC build/esp32/dport_access.o
CC build/arduino/libraries/ArduinoBearSSL/src/bearssl/ecdsa_default_sign_raw.o
CC build/driver/rtc_module.o
CC build/arduino/libraries/ArduinoBearSSL/src/bearssl/enc64le.o
CC build/arduino/libraries/ArduinoBearSSL/src/bearssl/rsa_i31_pkcs1_vrfy.o
CC build/esp32/esp_himem.o
CC build/arduino/libraries/ArduinoBearSSL/src/bearssl/i15_iszero.o
CC build/esp32/brownout.o
CC build/arduino/libraries/ArduinoBearSSL/src/bearssl/ec_pubkey.o
CC build/arduino/libraries/ArduinoBearSSL/src/bearssl/dec32le.o
CC build/esp32/hwcrypto/sha.o
CC build/arduino/libraries/ArduinoBearSSL/src/bearssl/hmac_ct.o
CC build/esp32/hwcrypto/aes.o
CC build/arduino/libraries/ArduinoBearSSL/src/bearssl/aes_x86ni_ctr.o
CC build/arduino/libraries/ArduinoBearSSL/src/bearssl/sha2big.o
CC build/esp_https_server/src/https_server.o
AS build/esp32/dport_panic_highint_hdl.o
AR build/esp32/libesp32.a
CC build/arduino/libraries/ArduinoBearSSL/src/bearssl/ssl_engine.o
AR build/esp_https_server/libesp_https_server.a
CC build/arduino/libraries/ArduinoBearSSL/src/bearssl/ghash_ctmul64.o
CC build/arduino/libraries/ArduinoBearSSL/src/bearssl/rsa_default_pkcs1_sign.o
CC build/esp_ringbuf/ringbuf.o
CC build/espcoredump/src/core_dump_port.o
CC build/arduino/libraries/ArduinoBearSSL/src/bearssl/rsa_pkcs1_sig_pad.o
CC build/espcoredump/src/core_dump_flash.o
CC build/arduino/libraries/ArduinoBearSSL/src/bearssl/i15_sub.o
CC build/arduino/libraries/ArduinoBearSSL/src/bearssl/i31_fmont.o
CC build/espcoredump/src/core_dump_common.o
AR build/driver/libdriver.a
CC build/espcoredump/src/core_dump_uart.o
CC build/arduino/libraries/ArduinoBearSSL/src/bearssl/i32_montmul.o
AR build/esp_ringbuf/libesp_ringbuf.a
CC build/arduino/libraries/ArduinoBearSSL/src/bearssl/rsa_i32_priv.o
CC build/ethernet/emac_dev.o
AR build/espcoredump/libespcoredump.a
CC build/ethernet/emac_main.o
CC build/expat/expat/expat/lib/xmltok.o
CC build/arduino/libraries/ArduinoBearSSL/src/bearssl/i32_modpow.o
CC build/arduino/libraries/ArduinoBearSSL/src/bearssl/rsa_default_modulus.o
CC build/expat/expat/expat/lib/xmlparse.o
CC build/arduino/libraries/ArduinoBearSSL/src/bearssl/ssl_scert_single_ec.o
CC build/arduino/libraries/ArduinoBearSSL/src/bearssl/mgf1.o
CC build/arduino/libraries/ArduinoBearSSL/src/bearssl/rsa_i31_keygen.o
CC build/arduino/libraries/ArduinoBearSSL/src/bearssl/dec64le.o
CC build/arduino/libraries/ArduinoBearSSL/src/bearssl/aes_big_ctr.o
CC build/ethernet/eth_phy/phy_common.o
CC build/arduino/libraries/ArduinoBearSSL/src/bearssl/rsa_pkcs1_sig_unpad.o
CC build/ethernet/eth_phy/phy_lan8720.o
CC build/arduino/libraries/ArduinoBearSSL/src/bearssl/ec_all_m15.o
CC build/ethernet/eth_phy/phy_ip101.o
CC build/arduino/libraries/ArduinoBearSSL/src/bearssl/chacha20_sse2.o
CC build/ethernet/eth_phy/phy_tlk110.o
CC build/arduino/libraries/ArduinoBearSSL/src/bearssl/aes_big_dec.o
AR build/ethernet/libethernet.a
CC build/arduino/libraries/ArduinoBearSSL/src/bearssl/encode_ec_pk8der.o
CC build/expat/expat/expat/lib/xmlrole.o
CC build/arduino/libraries/ArduinoBearSSL/src/bearssl/i31_sub.o
CC build/arduino/libraries/ArduinoBearSSL/src/bearssl/dec64be.o
CC build/arduino/libraries/ArduinoBearSSL/src/bearssl/i32_encode.o
CC build/arduino/libraries/ArduinoBearSSL/src/bearssl/i15_rshift.o
CC build/expat/expat/expat/lib/xmltok_ns.o
CC build/arduino/libraries/ArduinoBearSSL/src/bearssl/ssl_engine_default_ecdsa.o
CC build/expat/expat/expat/lib/xmltok_impl.o
CC build/arduino/libraries/ArduinoBearSSL/src/bearssl/ssl_hs_client.o
CC build/arduino/libraries/ArduinoBearSSL/src/bearssl/dec16le.o
CC build/arduino/libraries/ArduinoBearSSL/src/bearssl/ghash_ctmul32.o
CC build/arduino/libraries/ArduinoBearSSL/src/bearssl/eax.o
CC build/arduino/libraries/ArduinoBearSSL/src/bearssl/ec_c25519_m31.o
CC build/arduino/libraries/ArduinoBearSSL/src/bearssl/i31_tmont.o
AR build/expat/libexpat.a
CC build/fatfs/src/ffsystem.o
CC build/arduino/libraries/ArduinoBearSSL/src/bearssl/des_support.o
CC build/fatfs/src/ff.o
CC build/fatfs/src/ffunicode.o
CC build/arduino/libraries/ArduinoBearSSL/src/bearssl/i32_div32.o
CC build/arduino/libraries/ArduinoBearSSL/src/bearssl/aes_big_enc.o
CC build/arduino/libraries/ArduinoBearSSL/src/bearssl/rsa_i32_pub.o
CC build/arduino/libraries/ArduinoBearSSL/src/bearssl/i31_add.o
CC build/fatfs/src/diskio_rawflash.o
CC build/freemodbus/modbus/mb.o
CC build/arduino/libraries/ArduinoBearSSL/src/bearssl/rsa_i62_pkcs1_sign.o
CC build/arduino/libraries/ArduinoBearSSL/src/bearssl/ccm.o
CC build/arduino/libraries/ArduinoBearSSL/src/bearssl/dig_size.o
CC build/freemodbus/port/portother.o
CC build/freemodbus/port/porttimer.o
CC build/arduino/libraries/ArduinoBearSSL/src/bearssl/i31_decode.o
CC build/arduino/libraries/ArduinoBearSSL/src/bearssl/i32_fmont.o
CC build/arduino/libraries/ArduinoBearSSL/src/bearssl/aes_small_dec.o
CC build/freemodbus/port/portserial.o
CC build/fatfs/src/vfs_fat_sdmmc.o
CC build/freemodbus/port/portevent.o
CC build/arduino/libraries/ArduinoBearSSL/src/bearssl/aes_big_cbcdec.o
CC build/arduino/libraries/ArduinoBearSSL/src/bearssl/skey_decoder.o
CC build/fatfs/src/diskio.o
CC build/freemodbus/modbus/ascii/mbascii.o
CC build/freemodbus/modbus/functions/mbfuncholding.o
CC build/arduino/libraries/ArduinoBearSSL/src/bearssl/i32_mulacc.o
CC build/fatfs/src/diskio_sdmmc.o
CC build/fatfs/src/vfs_fat_spiflash.o
CC build/arduino/libraries/ArduinoBearSSL/src/bearssl/sha1.o
CC build/freemodbus/modbus/functions/mbfuncinput.o
CC build/fatfs/src/vfs_fat.o
CC build/arduino/libraries/ArduinoBearSSL/src/bearssl/i32_reduce.o
CC build/arduino/libraries/ArduinoBearSSL/src/bearssl/aes_pwr8_ctrcbc.o
CC build/freemodbus/modbus/functions/mbfuncdisc.o
CC build/freemodbus/modbus/functions/mbfuncother.o
CC build/arduino/libraries/ArduinoBearSSL/src/bearssl/ssl_scert_single_rsa.o
CC build/arduino/libraries/ArduinoBearSSL/src/bearssl/chacha20_ct.o
CC build/freemodbus/modbus/functions/mbfuncdiag.o
CC build/fatfs/src/diskio_wl.o
CC build/freemodbus/modbus/functions/mbfunccoils.o
CC build/freemodbus/modbus/functions/mbutils.o
CC build/arduino/libraries/ArduinoBearSSL/src/bearssl/ecdsa_default_sign_asn1.o
CC build/arduino/libraries/ArduinoBearSSL/src/bearssl/hmac_drbg.o
AR build/fatfs/libfatfs.a
CC build/arduino/libraries/ArduinoBearSSL/src/bearssl/settings.o
CC build/arduino/libraries/ArduinoBearSSL/src/bearssl/ssl_ccert_single_rsa.o
CC build/freemodbus/modbus/rtu/mbcrc.o
CC build/freemodbus/modbus/rtu/mbrtu.o
CC build/freemodbus/modbus_controller/mbcontroller.o
CC build/arduino/libraries/ArduinoBearSSL/src/bearssl/rsa_i31_oaep_decrypt.o
CC build/arduino/libraries/ArduinoBearSSL/src/bearssl/rsa_i15_oaep_decrypt.o
CC build/freertos/xtensa_intr.o
CC build/arduino/libraries/ArduinoBearSSL/src/bearssl/sysrng.o
CC build/arduino/libraries/ArduinoBearSSL/src/bearssl/aes_ct64_enc.o
CC build/freertos/queue.o
CC build/heap/heap_caps_init.o
AR build/freemodbus/libfreemodbus.a
CC build/heap/heap_caps.o
CC build/arduino/libraries/ArduinoBearSSL/src/bearssl/ecdsa_i15_bits.o
AR build/idf_test/libidf_test.a
CC build/heap/multi_heap.o
CC build/arduino/libraries/ArduinoBearSSL/src/bearssl/ssl_server_minv2g.o
CC build/freertos/croutine.o
CC build/arduino/libraries/ArduinoBearSSL/src/bearssl/i31_reduce.o
CC build/jsmn/src//jsmn.o
CC build/arduino/libraries/ArduinoBearSSL/src/bearssl/pemenc.o
CC build/freertos/list.o
AR build/jsmn/libjsmn.a
CC build/freertos/xtensa_init.o
CC build/arduino/libraries/ArduinoBearSSL/src/bearssl/x509_knownkey.o
CC build/heap/heap_trace.o
CC build/freertos/port.o
CC build/json/cJSON/cJSON.o
CC build/arduino/libraries/ArduinoBearSSL/src/bearssl/rsa_i62_pub.o
CC build/arduino/libraries/ArduinoBearSSL/src/bearssl/ghash_pwr8.o
AR build/heap/libheap.a
CC build/arduino/libraries/ArduinoBearSSL/src/bearssl/aes_small_ctr.o
CC build/freertos/event_groups.o
CC build/freertos/tasks.o
CC build/arduino/libraries/ArduinoBearSSL/src/bearssl/ssl_rec_cbc.o
CC build/arduino/libraries/ArduinoBearSSL/src/bearssl/x509_minimal.o
CC build/libsodium/port/randombytes_esp32.o
CC build/json/cJSON/cJSON_Utils.o
CC build/libsodium/libsodium/src/libsodium/crypto_aead/chacha20poly1305/sodium/aead_chacha20poly1305.o
CC build/arduino/libraries/ArduinoBearSSL/src/bearssl/prf_sha256.o
CC build/arduino/libraries/ArduinoBearSSL/src/bearssl/aes_ct_dec.o
CC build/libsodium/libsodium/src/libsodium/crypto_aead/xchacha20poly1305/sodium/aead_xchacha20poly1305.o
CC build/arduino/libraries/ArduinoBearSSL/src/bearssl/rsa_default_pub.o
CC build/libsodium/libsodium/src/libsodium/crypto_auth/crypto_auth.o
AR build/json/libjson.a
CC build/arduino/libraries/ArduinoBearSSL/src/bearssl/ecdsa_i31_vrfy_raw.o
CC build/libsodium/libsodium/src/libsodium/crypto_auth/hmacsha256/auth_hmacsha256.o
CC build/freertos/timers.o
CC build/freertos/FreeRTOS-openocd.o
CC build/libsodium/libsodium/src/libsodium/crypto_auth/hmacsha512/auth_hmacsha512.o
CC build/arduino/libraries/ArduinoBearSSL/src/bearssl/ec_c25519_i15.o
CC build/log/log.o
CC build/libsodium/libsodium/src/libsodium/crypto_auth/hmacsha512256/auth_hmacsha512256.o
CC build/arduino/libraries/ArduinoBearSSL/src/bearssl/rsa_i15_modulus.o
CC build/freertos/xtensa_overlay_os_hook.o
CC build/libsodium/libsodium/src/libsodium/crypto_box/crypto_box_seal.o
CC build/libsodium/libsodium/src/libsodium/crypto_box/crypto_box.o
CC build/arduino/libraries/ArduinoBearSSL/src/bearssl/ssl_server_minf2c.o
AS build/freertos/xtensa_intr_asm.o
CC build/libsodium/libsodium/src/libsodium/crypto_box/crypto_box_easy.o
AR build/log/liblog.a
AS build/freertos/xtensa_context.o
CC build/libsodium/libsodium/src/libsodium/crypto_box/curve25519xsalsa20poly1305/box_curve25519xsalsa20poly1305.o
CC build/arduino/libraries/ArduinoBearSSL/src/bearssl/rsa_i15_privexp.o
AS build/freertos/xtensa_vectors.o
CC build/arduino/libraries/ArduinoBearSSL/src/bearssl/rsa_i31_oaep_encrypt.o
CC build/libsodium/libsodium/src/libsodium/crypto_core/curve25519/ref10/curve25519_ref10.o
AS build/freertos/xtensa_vector_defaults.o
AS build/freertos/portasm.o
CC build/libsodium/libsodium/src/libsodium/crypto_core/hchacha20/core_hchacha20.o
CC build/arduino/libraries/ArduinoBearSSL/src/bearssl/aes_pwr8_ctr.o
AR build/freertos/libfreertos.a
CC build/libsodium/libsodium/src/libsodium/crypto_core/hsalsa20/ref2/core_hsalsa20_ref2.o
CC build/arduino/libraries/ArduinoBearSSL/src/bearssl/ecdsa_atr.o
CC build/arduino/libraries/ArduinoBearSSL/src/bearssl/prf_md5sha1.o
CC build/libsodium/libsodium/src/libsodium/crypto_core/hsalsa20/core_hsalsa20.o
CC build/arduino/libraries/ArduinoBearSSL/src/bearssl/i15_decode.o
CC build/libsodium/libsodium/src/libsodium/crypto_core/salsa/ref/core_salsa_ref.o
CC build/arduino/libraries/ArduinoBearSSL/src/bearssl/i15_add.o
CC build/lwip/apps/dhcpserver/dhcpserver.o
CC build/arduino/libraries/ArduinoBearSSL/src/bearssl/enc16le.o
CC build/main/http_client.o
CC build/arduino/libraries/ArduinoBearSSL/src/bearssl/aes_ct64_ctrcbc.o
CXX build/main/CommandHandler.o
CC build/lwip/apps/ping/ping.o
CC build/arduino/libraries/ArduinoBearSSL/src/bearssl/aes_ct64.o
In file included from /home/pi/esp/nina-fw-mine/arduino/libraries/ArduinoECCX08/src/ECCX08.h:24:0,
                 from /home/pi/esp/nina-fw-mine/arduino/libraries/ArduinoECCX08/src/ArduinoECCX08.h:23,
                 from /home/pi/esp/nina-fw-mine/main/CommandHandler.cpp:33:
/home/pi/esp/nina-fw-mine/arduino/libraries/Wire/src/Wire.h:38:7: warning: 'TwoWire' has a field 'TwoWire::_dev' whose type uses the anonymous namespace
 class TwoWire : public Stream
       ^
CC build/lwip/apps/ping/esp_ping.o
CC build/arduino/libraries/ArduinoBearSSL/src/bearssl/ecdsa_i15_vrfy_asn1.o
CC build/arduino/libraries/ArduinoBearSSL/src/bearssl/ec_c25519_m15.o
CC build/lwip/apps/sntp/sntp.o
CC build/lwip/lwip/src/api/netbuf.o
cc1plus: warning: unrecognized command line option '-Wno-int-in-bool-context'
cc1plus: warning: unrecognized command line option '-Wno-memset-elt-size'
cc1plus: warning: unrecognized command line option '-Wno-format-truncation'
cc1plus: warning: unrecognized command line option '-Wno-switch-unreachable'
cc1plus: warning: unrecognized command line option '-Wno-unused-const-variable'
cc1plus: warning: unrecognized command line option '-Wno-implicit-fallthrough'
cc1plus: warning: unrecognized command line option '-Wno-cast-function-type'
cc1plus: warning: unrecognized command line option '-Wno-misleading-indentation'
cc1plus: warning: unrecognized command line option '-Wno-stringop-truncation'
cc1plus: warning: unrecognized command line option '-Wno-format-overflow'
CC build/arduino/libraries/ArduinoBearSSL/src/bearssl/ssl_engine_default_chapol.o
CC build/lwip/lwip/src/api/api_lib.o
CC build/arduino/libraries/ArduinoBearSSL/src/bearssl/rsa_i62_priv.o
CXX build/main/CryptoUtil.o
CC build/arduino/libraries/ArduinoBearSSL/src/bearssl/ssl_server_minu2g.o
In file included from /home/pi/esp/nina-fw-mine/arduino/libraries/ArduinoECCX08/src/ECCX08.h:24:0,
                 from /home/pi/esp/nina-fw-mine/arduino/libraries/ArduinoECCX08/src/ArduinoECCX08.h:23,
                 from /home/pi/esp/nina-fw-mine/main/CryptoUtil.h:26,
                 from /home/pi/esp/nina-fw-mine/main/CryptoUtil.cpp:22:
/home/pi/esp/nina-fw-mine/arduino/libraries/Wire/src/Wire.h:38:7: warning: 'TwoWire' has a field 'TwoWire::_dev' whose type uses the anonymous namespace
 class TwoWire : public Stream
       ^
cc1plus: warning: unrecognized command line option '-Wno-int-in-bool-context'
cc1plus: warning: unrecognized command line option '-Wno-memset-elt-size'
cc1plus: warning: unrecognized command line option '-Wno-format-truncation'
cc1plus: warning: unrecognized command line option '-Wno-switch-unreachable'
cc1plus: warning: unrecognized command line option '-Wno-unused-const-variable'
cc1plus: warning: unrecognized command line option '-Wno-implicit-fallthrough'
cc1plus: warning: unrecognized command line option '-Wno-cast-function-type'
cc1plus: warning: unrecognized command line option '-Wno-misleading-indentation'
cc1plus: warning: unrecognized command line option '-Wno-stringop-truncation'
cc1plus: warning: unrecognized command line option '-Wno-format-overflow'
CXX build/main/ECCX08Cert.o
CC build/arduino/libraries/ArduinoBearSSL/src/bearssl/ec_keygen.o
CC build/arduino/libraries/ArduinoBearSSL/src/bearssl/ssl_server_full_rsa.o
In file included from /home/pi/esp/nina-fw-mine/arduino/libraries/ArduinoECCX08/src/ECCX08.h:24:0,
                 from /home/pi/esp/nina-fw-mine/arduino/libraries/ArduinoECCX08/src/ArduinoECCX08.h:23,
                 from /home/pi/esp/nina-fw-mine/main/ECCX08Cert.cpp:24:
/home/pi/esp/nina-fw-mine/arduino/libraries/Wire/src/Wire.h:38:7: warning: 'TwoWire' has a field 'TwoWire::_dev' whose type uses the anonymous namespace
 class TwoWire : public Stream
       ^
CC build/lwip/lwip/src/api/netifapi.o
CC build/arduino/libraries/ArduinoBearSSL/src/bearssl/rsa_i31_privexp.o
CC build/arduino/libraries/ArduinoBearSSL/src/bearssl/hmac.o
CC build/lwip/lwip/src/api/tcpip.o
cc1plus: warning: unrecognized command line option '-Wno-int-in-bool-context'
cc1plus: warning: unrecognized command line option '-Wno-memset-elt-size'
cc1plus: warning: unrecognized command line option '-Wno-format-truncation'
cc1plus: warning: unrecognized command line option '-Wno-switch-unreachable'
cc1plus: warning: unrecognized command line option '-Wno-unused-const-variable'
cc1plus: warning: unrecognized command line option '-Wno-implicit-fallthrough'
cc1plus: warning: unrecognized command line option '-Wno-cast-function-type'
cc1plus: warning: unrecognized command line option '-Wno-misleading-indentation'
cc1plus: warning: unrecognized command line option '-Wno-stringop-truncation'
cc1plus: warning: unrecognized command line option '-Wno-format-overflow'
CC build/arduino/libraries/ArduinoBearSSL/src/bearssl/aes_ct_cbcdec.o
CXX build/main/sketch.ino.o
CC build/arduino/libraries/ArduinoBearSSL/src/bearssl/des_tab.o
CC build/lwip/lwip/src/api/netdb.o
CC build/arduino/libraries/ArduinoBearSSL/src/bearssl/ec_prime_i15.o
CC build/lwip/lwip/src/api/err.o
/home/pi/esp/nina-fw-mine/main/sketch.ino.cpp: In function 'void setupWiFi()':
/home/pi/esp/nina-fw-mine/main/sketch.ino.cpp:170:13: warning: unused variable 'ret' [-Wunused-variable]
   esp_err_t ret = esp_vfs_spiffs_register(&conf);
             ^
At global scope:
cc1plus: warning: unrecognized command line option '-Wno-int-in-bool-context'
cc1plus: warning: unrecognized command line option '-Wno-memset-elt-size'
cc1plus: warning: unrecognized command line option '-Wno-format-truncation'
cc1plus: warning: unrecognized command line option '-Wno-switch-unreachable'
cc1plus: warning: unrecognized command line option '-Wno-unused-const-variable'
cc1plus: warning: unrecognized command line option '-Wno-implicit-fallthrough'
cc1plus: warning: unrecognized command line option '-Wno-cast-function-type'
cc1plus: warning: unrecognized command line option '-Wno-misleading-indentation'
cc1plus: warning: unrecognized command line option '-Wno-stringop-truncation'
cc1plus: warning: unrecognized command line option '-Wno-format-overflow'
AR build/main/libmain.a
CC build/lwip/lwip/src/api/api_msg.o
CC build/arduino/libraries/ArduinoBearSSL/src/bearssl/ssl_server_minr2g.o
CC build/mbedtls/mbedtls/library/x509_csr.o
CC build/arduino/libraries/ArduinoBearSSL/src/bearssl/aes_ct_cbcenc.o
CC build/mbedtls/mbedtls/library/ssl_cli.o
CC build/arduino/libraries/ArduinoBearSSL/src/bearssl/prf.o
CC build/arduino/libraries/ArduinoBearSSL/src/bearssl/rsa_default_oaep_decrypt.o
CC build/lwip/lwip/src/api/sockets.o
CC build/arduino/libraries/ArduinoBearSSL/src/bearssl/x509_decoder.o
CC build/mbedtls/mbedtls/library/ecp.o
CC build/arduino/libraries/ArduinoBearSSL/src/bearssl/ssl_engine_default_aescbc.o
CC build/arduino/libraries/ArduinoBearSSL/src/bearssl/ecdsa_rta.o
CC build/arduino/libraries/ArduinoBearSSL/src/bearssl/i31_iszero.o
CC build/arduino/libraries/ArduinoBearSSL/src/bearssl/i32_decred.o
CC build/arduino/libraries/ArduinoBearSSL/src/bearssl/rsa_i15_priv.o
CC build/arduino/libraries/ArduinoBearSSL/src/bearssl/i15_modpow.o
CC build/mbedtls/mbedtls/library/chachapoly.o
CC build/arduino/libraries/ArduinoBearSSL/src/bearssl/ssl_hashes.o
CC build/mbedtls/mbedtls/library/blowfish.o
CC build/mbedtls/mbedtls/library/x509.o
CC build/arduino/libraries/ArduinoBearSSL/src/bearssl/i15_tmont.o
CC build/libsodium/libsodium/src/libsodium/crypto_generichash/crypto_generichash.o
CC build/libsodium/libsodium/src/libsodium/crypto_generichash/blake2b/generichash_blake2.o
CC build/arduino/libraries/ArduinoBearSSL/src/bearssl/ec_p256_m15.o
CC build/lwip/lwip/src/apps/sntp/sntp.o
CC build/libsodium/libsodium/src/libsodium/crypto_generichash/blake2b/ref/blake2b-compress-avx2.o
CC build/libsodium/libsodium/src/libsodium/crypto_generichash/blake2b/ref/generichash_blake2b.o
CC build/mbedtls/mbedtls/library/ssl_ticket.o
CC build/libsodium/libsodium/src/libsodium/crypto_generichash/blake2b/ref/blake2b-compress-ref.o
CC build/lwip/lwip/src/core/stats.o
CC build/mbedtls/mbedtls/library/pkcs5.o
CC build/lwip/lwip/src/core/mem.o
CC build/mbedtls/mbedtls/library/sha512.o
CC build/lwip/lwip/src/core/inet_chksum.o
CC build/arduino/libraries/ArduinoBearSSL/src/bearssl/aes_ct_enc.o
CC build/lwip/lwip/src/core/init.o
CC build/mbedtls/mbedtls/library/dhm.o
CC build/arduino/libraries/ArduinoBearSSL/src/bearssl/ec_secp384r1.o
CC build/arduino/libraries/ArduinoBearSSL/src/bearssl/sha2small.o
CC build/lwip/lwip/src/core/memp.o
CC build/mbedtls/mbedtls/library/entropy_poll.o
CC build/arduino/libraries/ArduinoBearSSL/src/bearssl/rsa_default_pubexp.o
CC build/mbedtls/mbedtls/library/cipher.o
CC build/arduino/libraries/ArduinoBearSSL/src/bearssl/i15_encode.o
CC build/lwip/lwip/src/core/tcp.o
CC build/arduino/libraries/ArduinoBearSSL/src/bearssl/des_ct_cbcenc.o
CC build/arduino/libraries/ArduinoBearSSL/src/bearssl/i15_muladd.o
CC build/mbedtls/mbedtls/library/version_features.o
CC build/arduino/libraries/ArduinoBearSSL/src/bearssl/rsa_i32_pkcs1_sign.o
CC build/mbedtls/mbedtls/library/md5.o
CC build/arduino/libraries/ArduinoBearSSL/src/bearssl/aes_x86ni_cbcdec.o
CC build/arduino/libraries/ArduinoBearSSL/src/bearssl/ecdsa_default_vrfy_raw.o
CC build/mbedtls/mbedtls/library/nist_kw.o
CC build/lwip/lwip/src/core/dns.o
CC build/mbedtls/mbedtls/library/ripemd160.o
CC build/arduino/libraries/ArduinoBearSSL/src/bearssl/hkdf.o
CC build/mbedtls/mbedtls/library/rsa.o
CC build/arduino/libraries/ArduinoBearSSL/src/bearssl/ssl_server_mine2g.o
CC build/arduino/libraries/ArduinoBearSSL/src/bearssl/ec_all_m31.o
CC build/arduino/libraries/ArduinoBearSSL/src/bearssl/ssl_rec_chapol.o
CC build/arduino/libraries/ArduinoBearSSL/src/bearssl/rsa_ssl_decrypt.o
CC build/lwip/lwip/src/core/timeouts.o
CC build/arduino/libraries/ArduinoBearSSL/src/bearssl/i15_modpow2.o
CC build/mbedtls/mbedtls/library/ssl_cookie.o
CC build/arduino/libraries/ArduinoBearSSL/src/bearssl/poly1305_ctmul32.o
CC build/mbedtls/mbedtls/library/md4.o
CC build/mbedtls/mbedtls/library/entropy.o
CC build/lwip/lwip/src/core/ip.o
CC build/arduino/libraries/ArduinoBearSSL/src/bearssl/i32_bitlen.o
CC build/arduino/libraries/ArduinoBearSSL/src/bearssl/poly1305_i15.o
CC build/mbedtls/mbedtls/library/md_wrap.o
CC build/lwip/lwip/src/core/raw.o
CC build/arduino/libraries/ArduinoBearSSL/src/bearssl/ec_p256_m31.o
CC build/mbedtls/mbedtls/library/sha256.o
CC build/mbedtls/mbedtls/library/cipher_wrap.o
CC build/lwip/lwip/src/core/tcp_in.o
CC build/mbedtls/mbedtls/library/base64.o
CC build/arduino/libraries/ArduinoBearSSL/src/bearssl/ssl_server_minf2g.o
CC build/arduino/libraries/ArduinoBearSSL/src/bearssl/rsa_i15_pub.o
CC build/mbedtls/mbedtls/library/timing.o
CC build/arduino/libraries/ArduinoBearSSL/src/bearssl/dig_oid.o
CC build/mbedtls/mbedtls/library/asn1parse.o
CXX build/arduino/cores/esp32/IPAddress.o
CC build/mbedtls/mbedtls/library/ssl_tls.o
CC build/lwip/lwip/src/core/pbuf.o
CXX build/arduino/cores/esp32/WString.o
CC build/lwip/lwip/src/core/netif.o
CXX build/arduino/cores/esp32/Print.o
CXX build/arduino/cores/esp32/Stream.o
CC build/lwip/lwip/src/core/sys.o
CXX build/arduino/cores/esp32/WMath.o
CC build/lwip/lwip/src/core/def.o
CXX build/arduino/cores/esp32/main.o
CC build/lwip/lwip/src/core/udp.o
CXX build/arduino/libraries/SPIS/src/SPIS.o
CC build/mbedtls/mbedtls/library/version.o
CC build/mbedtls/mbedtls/library/ssl_cache.o
CC build/lwip/lwip/src/core/tcp_out.o
CC build/mbedtls/mbedtls/library/cmac.o
CC build/mbedtls/mbedtls/library/md2.o
CC build/mbedtls/mbedtls/library/chacha20.o
CXX build/arduino/libraries/WiFi/src/WiFi.o
CC build/mbedtls/mbedtls/library/ssl_srv.o
CC build/lwip/lwip/src/core/ipv4/ip4_frag.o
CC build/lwip/lwip/src/core/ipv4/dhcp.o
CC build/mbedtls/mbedtls/library/x509_crt.o
CXX build/arduino/libraries/WiFi/src/WiFiUdp.o
CC build/lwip/lwip/src/core/ipv4/etharp.o
CC build/mbedtls/mbedtls/library/ecdh.o
CXX build/arduino/libraries/WiFi/src/WiFiClient.o
CC build/mbedtls/mbedtls/library/asn1write.o
CC build/lwip/lwip/src/core/ipv4/ip4_addr.o
CC build/mbedtls/mbedtls/library/aria.o
CC build/mbedtls/mbedtls/library/platform_util.o
CC build/lwip/lwip/src/core/ipv4/igmp.o
CC build/mbedtls/mbedtls/library/x509_create.o
CXX build/arduino/libraries/WiFi/src/WiFiSSLClient.o
CC build/mbedtls/mbedtls/library/ecjpake.o
CC build/mbedtls/mbedtls/library/oid.o
CC build/lwip/lwip/src/core/ipv4/ip4.o
CC build/mbedtls/mbedtls/library/ecdsa.o
CXX build/arduino/libraries/WiFi/src/WiFiServer.o
CC build/mbedtls/mbedtls/library/pkcs11.o
CC build/mbedtls/mbedtls/library/xtea.o
CC build/lwip/lwip/src/core/ipv4/autoip.o
CXX build/arduino/libraries/Wire/src/Wire.o
CC build/mbedtls/mbedtls/library/aes.o
CC build/libsodium/libsodium/src/libsodium/crypto_generichash/blake2b/ref/blake2b-compress-ssse3.o
CC build/lwip/lwip/src/core/ipv4/icmp.o
CC build/libsodium/libsodium/src/libsodium/crypto_generichash/blake2b/ref/blake2b-ref.o
In file included from /home/pi/esp/nina-fw-mine/arduino/libraries/Wire/src/Wire.cpp:31:0:
/home/pi/esp/nina-fw-mine/arduino/libraries/Wire/src/Wire.h:38:7: warning: 'TwoWire' has a field 'TwoWire::_dev' whose type uses the anonymous namespace
 class TwoWire : public Stream
       ^
CC build/mbedtls/mbedtls/library/rsa_internal.o
CC build/lwip/lwip/src/core/ipv6/ip6_frag.o
CC build/mbedtls/mbedtls/library/x509write_crt.o
cc1plus: warning: unrecognized command line option '-Wno-int-in-bool-context'
cc1plus: warning: unrecognized command line option '-Wno-memset-elt-size'
cc1plus: warning: unrecognized command line option '-Wno-format-truncation'
cc1plus: warning: unrecognized command line option '-Wno-switch-unreachable'
cc1plus: warning: unrecognized command line option '-Wno-unused-const-variable'
cc1plus: warning: unrecognized command line option '-Wno-implicit-fallthrough'
cc1plus: warning: unrecognized command line option '-Wno-cast-function-type'
cc1plus: warning: unrecognized command line option '-Wno-misleading-indentation'
cc1plus: warning: unrecognized command line option '-Wno-stringop-truncation'
cc1plus: warning: unrecognized command line option '-Wno-format-overflow'
CC build/libsodium/libsodium/src/libsodium/crypto_generichash/blake2b/ref/blake2b-compress-sse41.o
CXX build/arduino/libraries/ArduinoECCX08/src/ECCX08.o
CC build/libsodium/libsodium/src/libsodium/crypto_hash/crypto_hash.o
CC build/libsodium/libsodium/src/libsodium/crypto_hash/sha256/hash_sha256.o
CC build/libsodium/libsodium/src/libsodium/crypto_hash/sha512/hash_sha512.o
In file included from /home/pi/esp/nina-fw-mine/arduino/libraries/ArduinoECCX08/src/ECCX08.h:24:0,
                 from /home/pi/esp/nina-fw-mine/arduino/libraries/ArduinoECCX08/src/ECCX08.cpp:22:
/home/pi/esp/nina-fw-mine/arduino/libraries/Wire/src/Wire.h:38:7: warning: 'TwoWire' has a field 'TwoWire::_dev' whose type uses the anonymous namespace
 class TwoWire : public Stream
       ^
CC build/lwip/lwip/src/core/ipv6/dhcp6.o
CC build/mbedtls/mbedtls/library/arc4.o
CC build/libsodium/libsodium/src/libsodium/crypto_kdf/blake2b/kdf_blake2b.o
CC build/mbedtls/mbedtls/library/bignum.o
CC build/libsodium/libsodium/src/libsodium/crypto_kdf/crypto_kdf.o
CC build/lwip/lwip/src/core/ipv6/inet6.o
CC build/libsodium/libsodium/src/libsodium/crypto_kx/crypto_kx.o
cc1plus: warning: unrecognized command line option '-Wno-int-in-bool-context'
cc1plus: warning: unrecognized command line option '-Wno-memset-elt-size'
cc1plus: warning: unrecognized command line option '-Wno-format-truncation'
cc1plus: warning: unrecognized command line option '-Wno-switch-unreachable'
cc1plus: warning: unrecognized command line option '-Wno-unused-const-variable'
cc1plus: warning: unrecognized command line option '-Wno-implicit-fallthrough'
cc1plus: warning: unrecognized command line option '-Wno-cast-function-type'
cc1plus: warning: unrecognized command line option '-Wno-misleading-indentation'
cc1plus: warning: unrecognized command line option '-Wno-stringop-truncation'
cc1plus: warning: unrecognized command line option '-Wno-format-overflow'
CC build/libsodium/libsodium/src/libsodium/crypto_onetimeauth/crypto_onetimeauth.o
CC build/lwip/lwip/src/core/ipv6/ip6_addr.o
CXX build/arduino/libraries/ArduinoBearSSL/src/ArduinoBearSSL.o
CC build/libsodium/libsodium/src/libsodium/crypto_onetimeauth/poly1305/onetimeauth_poly1305.o
CC build/libsodium/libsodium/src/libsodium/crypto_onetimeauth/poly1305/donna/poly1305_donna.o
CC build/lwip/lwip/src/core/ipv6/ip6.o
CXX build/arduino/libraries/ArduinoBearSSL/src/SHA256.o
CXX build/arduino/libraries/ArduinoBearSSL/src/SHA1.o
CC build/libsodium/libsodium/src/libsodium/crypto_pwhash/argon2/argon2-core.o
CXX build/arduino/libraries/ArduinoBearSSL/src/SHA.o
CC build/mbedtls/mbedtls/library/pkparse.o
CC build/lwip/lwip/src/core/ipv6/nd6.o
CC build/libsodium/libsodium/src/libsodium/crypto_pwhash/argon2/blake2b-long.o
CC build/libsodium/libsodium/src/libsodium/crypto_pwhash/argon2/argon2.o
CXX build/arduino/libraries/ArduinoBearSSL/src/BearSSLClient.o
CC build/libsodium/libsodium/src/libsodium/crypto_pwhash/argon2/argon2-fill-block-ref.o
In file included from /home/pi/esp/nina-fw-mine/arduino/libraries/ArduinoECCX08/src/ECCX08.h:24:0,
                 from /home/pi/esp/nina-fw-mine/arduino/libraries/ArduinoECCX08/src/ArduinoECCX08.h:23,
                 from /home/pi/esp/nina-fw-mine/arduino/libraries/ArduinoBearSSL/src/BearSSLClient.cpp:25:
/home/pi/esp/nina-fw-mine/arduino/libraries/Wire/src/Wire.h:38:7: warning: 'TwoWire' has a field 'TwoWire::_dev' whose type uses the anonymous namespace
 class TwoWire : public Stream
       ^
CC build/mbedtls/mbedtls/library/padlock.o
CC build/mbedtls/mbedtls/library/threading.o
CC build/mbedtls/mbedtls/library/x509_crl.o
cc1plus: warning: unrecognized command line option '-Wno-int-in-bool-context'
cc1plus: warning: unrecognized command line option '-Wno-memset-elt-size'
cc1plus: warning: unrecognized command line option '-Wno-format-truncation'
cc1plus: warning: unrecognized command line option '-Wno-switch-unreachable'
cc1plus: warning: unrecognized command line option '-Wno-unused-const-variable'
cc1plus: warning: unrecognized command line option '-Wno-implicit-fallthrough'
cc1plus: warning: unrecognized command line option '-Wno-cast-function-type'
cc1plus: warning: unrecognized command line option '-Wno-misleading-indentation'
cc1plus: warning: unrecognized command line option '-Wno-stringop-truncation'
cc1plus: warning: unrecognized command line option '-Wno-format-overflow'
CXX build/arduino/libraries/ArduinoBearSSL/src/utility/eccX08_sign_asn1.o
CC build/mbedtls/mbedtls/library/gcm.o
CC build/lwip/lwip/src/core/ipv6/mld6.o
In file included from /home/pi/esp/nina-fw-mine/arduino/libraries/ArduinoECCX08/src/ECCX08.h:24:0,
                 from /home/pi/esp/nina-fw-mine/arduino/libraries/ArduinoECCX08/src/ArduinoECCX08.h:23,
                 from /home/pi/esp/nina-fw-mine/arduino/libraries/ArduinoBearSSL/src/utility/eccX08_sign_asn1.cpp:28:
/home/pi/esp/nina-fw-mine/arduino/libraries/Wire/src/Wire.h:38:7: warning: 'TwoWire' has a field 'TwoWire::_dev' whose type uses the anonymous namespace
 class TwoWire : public Stream
       ^
cc1plus: warning: unrecognized command line option '-Wno-int-in-bool-context'
cc1plus: warning: unrecognized command line option '-Wno-memset-elt-size'
cc1plus: warning: unrecognized command line option '-Wno-format-truncation'
cc1plus: warning: unrecognized command line option '-Wno-switch-unreachable'
cc1plus: warning: unrecognized command line option '-Wno-unused-const-variable'
cc1plus: warning: unrecognized command line option '-Wno-implicit-fallthrough'
cc1plus: warning: unrecognized command line option '-Wno-cast-function-type'
cc1plus: warning: unrecognized command line option '-Wno-misleading-indentation'
cc1plus: warning: unrecognized command line option '-Wno-stringop-truncation'
cc1plus: warning: unrecognized command line option '-Wno-format-overflow'
CXX build/arduino/libraries/ArduinoBearSSL/src/utility/eccX08_vrfy_asn1.o
CC build/mbedtls/mbedtls/library/havege.o
CC build/mbedtls/mbedtls/library/ssl_ciphersuites.o
CC build/lwip/lwip/src/core/ipv6/ethip6.o
In file included from /home/pi/esp/nina-fw-mine/arduino/libraries/ArduinoECCX08/src/ECCX08.h:24:0,
                 from /home/pi/esp/nina-fw-mine/arduino/libraries/ArduinoECCX08/src/ArduinoECCX08.h:23,
                 from /home/pi/esp/nina-fw-mine/arduino/libraries/ArduinoBearSSL/src/utility/eccX08_vrfy_asn1.cpp:28:
/home/pi/esp/nina-fw-mine/arduino/libraries/Wire/src/Wire.h:38:7: warning: 'TwoWire' has a field 'TwoWire::_dev' whose type uses the anonymous namespace
 class TwoWire : public Stream
       ^
cc1plus: warning: unrecognized command line option '-Wno-int-in-bool-context'
cc1plus: warning: unrecognized command line option '-Wno-memset-elt-size'
cc1plus: warning: unrecognized command line option '-Wno-format-truncation'
cc1plus: warning: unrecognized command line option '-Wno-switch-unreachable'
cc1plus: warning: unrecognized command line option '-Wno-unused-const-variable'
cc1plus: warning: unrecognized command line option '-Wno-implicit-fallthrough'
cc1plus: warning: unrecognized command line option '-Wno-cast-function-type'
cc1plus: warning: unrecognized command line option '-Wno-misleading-indentation'
cc1plus: warning: unrecognized command line option '-Wno-stringop-truncation'
cc1plus: warning: unrecognized command line option '-Wno-format-overflow'
AR build/arduino/libarduino.a
CC build/mbedtls/mbedtls/library/certs.o
CC build/libsodium/libsodium/src/libsodium/crypto_pwhash/argon2/pwhash_argon2i.o
CC build/lwip/lwip/src/core/ipv6/icmp6.o
CC build/mbedtls/mbedtls/library/pem.o
CC build/libsodium/libsodium/src/libsodium/crypto_pwhash/argon2/argon2-fill-block-ssse3.o
CC build/mdns/mdns_console.o
CC build/lwip/lwip/src/netif/slipif.o
CC build/libsodium/libsodium/src/libsodium/crypto_pwhash/argon2/argon2-encoding.o
CC build/mbedtls/mbedtls/library/pkwrite.o
CC build/libsodium/libsodium/src/libsodium/crypto_pwhash/crypto_pwhash.o
CC build/lwip/lwip/src/netif/ethernet.o
CC build/mbedtls/mbedtls/library/camellia.o
CC build/mbedtls/mbedtls/library/hkdf.o
CC build/libsodium/libsodium/src/libsodium/crypto_pwhash/scryptsalsa208sha256/scrypt_platform.o
CC build/mbedtls/mbedtls/library/ccm.o
CC build/libsodium/libsodium/src/libsodium/crypto_pwhash/scryptsalsa208sha256/pwhash_scryptsalsa208sha256.o
CC build/mdns/mdns_networking.o
CC build/lwip/lwip/src/netif/lowpan6.o
CC build/mbedtls/mbedtls/library/poly1305.o
CC build/libsodium/libsodium/src/libsodium/crypto_pwhash/scryptsalsa208sha256/crypto_scrypt-common.o
CC build/mbedtls/mbedtls/library/memory_buffer_alloc.o
CC build/lwip/lwip/src/netif/ethernetif.o
CC build/mbedtls/mbedtls/library/hmac_drbg.o
CC build/libsodium/libsodium/src/libsodium/crypto_pwhash/scryptsalsa208sha256/pbkdf2-sha256.o
CC build/libsodium/libsodium/src/libsodium/crypto_pwhash/scryptsalsa208sha256/nosse/pwhash_scryptsalsa208sha256_nosse.o
CC build/lwip/port/esp32/vfs_lwip.o
CC build/mdns/mdns.o
CC build/mbedtls/mbedtls/library/des.o
CC build/mbedtls/mbedtls/library/x509write_csr.o
CC build/libsodium/libsodium/src/libsodium/crypto_scalarmult/crypto_scalarmult.o
CC build/lwip/port/esp32/freertos/sys_arch.o
CC build/libsodium/libsodium/src/libsodium/crypto_scalarmult/curve25519/scalarmult_curve25519.o
CC build/libsodium/libsodium/src/libsodium/crypto_scalarmult/curve25519/ref10/x25519_ref10.o
CC build/mbedtls/mbedtls/library/pk.o
CC build/libsodium/libsodium/src/libsodium/crypto_secretbox/crypto_secretbox_easy.o
CC build/mbedtls/mbedtls/library/platform.o
CC build/lwip/port/esp32/netif/wlanif.o
CC build/mbedtls/mbedtls/library/ctr_drbg.o
CC build/libsodium/libsodium/src/libsodium/crypto_secretbox/crypto_secretbox.o
CC build/libsodium/libsodium/src/libsodium/crypto_secretbox/xsalsa20poly1305/secretbox_xsalsa20poly1305.o
CC build/libsodium/libsodium/src/libsodium/crypto_shorthash/crypto_shorthash.o
CC build/lwip/port/esp32/netif/dhcp_state.o
CC build/mbedtls/mbedtls/library/debug.o
CC build/libsodium/libsodium/src/libsodium/crypto_shorthash/siphash24/shorthash_siphashx24.o
CC build/libsodium/libsodium/src/libsodium/crypto_shorthash/siphash24/shorthash_siphash24.o
CC build/mbedtls/mbedtls/library/pk_wrap.o
CC build/libsodium/libsodium/src/libsodium/crypto_shorthash/siphash24/ref/shorthash_siphash24_ref.o
CC build/lwip/port/esp32/netif/ethernetif.o
CC build/libsodium/libsodium/src/libsodium/crypto_shorthash/siphash24/ref/shorthash_siphashx24_ref.o
CC build/mbedtls/mbedtls/library/ecp_curves.o
CC build/lwip/port/esp32/debug/lwip_debug.o
CC build/libsodium/libsodium/src/libsodium/crypto_sign/crypto_sign.o
CC build/libsodium/libsodium/src/libsodium/crypto_sign/ed25519/sign_ed25519.o
CC build/libsodium/libsodium/src/libsodium/crypto_sign/ed25519/ref10/obsolete.o
AR build/lwip/liblwip.a
CC build/libsodium/libsodium/src/libsodium/crypto_sign/ed25519/ref10/sign.o
CC build/mbedtls/mbedtls/library/aesni.o
CC build/libsodium/libsodium/src/libsodium/crypto_sign/ed25519/ref10/open.o
CC build/libsodium/libsodium/src/libsodium/crypto_sign/ed25519/ref10/keypair.o
CC build/micro-ecc/micro-ecc/uECC.o
CC build/mbedtls/mbedtls/library/pkcs12.o
CC build/libsodium/libsodium/src/libsodium/crypto_stream/chacha20/stream_chacha20.o
CC build/libsodium/libsodium/src/libsodium/crypto_stream/chacha20/ref/chacha20_ref.o
CC build/mbedtls/mbedtls/library/error.o
CC build/libsodium/libsodium/src/libsodium/crypto_stream/crypto_stream.o
CC build/libsodium/libsodium/src/libsodium/crypto_stream/salsa20/stream_salsa20.o
CC build/mbedtls/mbedtls/library/md.o
CC build/libsodium/libsodium/src/libsodium/crypto_stream/salsa20/ref/salsa20_ref.o
CC build/libsodium/libsodium/src/libsodium/crypto_stream/xsalsa20/stream_xsalsa20.o
AR build/micro-ecc/libmicro-ecc.a
CC build/mbedtls/mbedtls/library/sha1.o
CC build/libsodium/libsodium/src/libsodium/crypto_verify/sodium/verify.o
CC build/mqtt/esp-mqtt/mqtt_client.o
CC build/libsodium/libsodium/src/libsodium/randombytes/randombytes.o
AR build/mdns/libmdns.a
CC build/mbedtls/port/mbedtls_debug.o
CC build/libsodium/libsodium/src/libsodium/sodium/core.o
CC build/libsodium/libsodium/src/libsodium/sodium/version.o
CC build/mbedtls/port/esp_sha1.o
CC build/libsodium/libsodium/src/libsodium/sodium/runtime.o
CC build/mbedtls/port/esp_sha256.o
CC build/mbedtls/port/esp_bignum.o
CC build/libsodium/libsodium/src/libsodium/sodium/utils.o
CC build/libsodium/port/crypto_hash_mbedtls/crypto_hash_sha256_mbedtls.o
CC build/mbedtls/port/net_sockets.o
CC build/libsodium/port/crypto_hash_mbedtls/crypto_hash_sha512_mbedtls.o
CC build/newlib/time.o
AR build/libsodium/liblibsodium.a
CC build/newlib/termios.o
CC build/mqtt/esp-mqtt/lib/mqtt_outbox.o
CC build/mbedtls/port/esp_hardware.o
CC build/mqtt/esp-mqtt/lib/mqtt_msg.o
CC build/mbedtls/port/esp_mem.o
CC build/newlib/syscalls.o
CC build/mbedtls/port/esp_sha512.o
CC build/newlib/syscall_table.o
AR build/mbedtls/libmbedtls.a
CC build/nghttp/nghttp2/lib/nghttp2_http.o
CC build/mqtt/esp-mqtt/lib/platform_esp32_idf.o
CC build/newlib/poll.o
AR build/nimble/libnimble.a
CC build/newlib/utime.o
AR build/mqtt/libmqtt.a
CC build/nghttp/nghttp2/lib/nghttp2_version.o
CC build/nghttp/nghttp2/lib/nghttp2_mem.o
CXX build/nvs_flash/src/nvs_types.o
CC build/newlib/reent_init.o
CC build/newlib/locks.o
CC build/nghttp/nghttp2/lib/nghttp2_hd_huffman.o
CXX build/nvs_flash/src/nvs_ops.o
CC build/openssl/library/ssl_cert.o
CC build/newlib/random.o
CC build/nghttp/nghttp2/lib/nghttp2_rcbuf.o
CC build/openssl/library/ssl_methods.o
CC build/newlib/pthread.o
CC build/nghttp/nghttp2/lib/nghttp2_callbacks.o
CC build/newlib/select.o
CC build/openssl/library/ssl_pkey.o
CC build/nghttp/nghttp2/lib/nghttp2_outbound_item.o
AR build/newlib/libnewlib.a
CC build/nghttp/nghttp2/lib/nghttp2_session.o
CC build/openssl/library/ssl_x509.o
CC build/protobuf-c/protobuf-c/protobuf-c/protobuf-c.o
CC build/openssl/library/ssl_lib.o
CXX build/nvs_flash/src/nvs_item_hash_list.o
CC build/openssl/library/ssl_stack.o
CC build/openssl/platform/ssl_pm.o
CC build/openssl/platform/ssl_port.o
AR build/openssl/libopenssl.a
CXX build/nvs_flash/src/nvs_encr.o
AR build/protobuf-c/libprotobuf-c.a
CXX build/nvs_flash/src/nvs_pagemanager.o
CC build/protocomm/src/common/protocomm.o
CC build/protocomm/src/security/security0.o
CC build/protocomm/src/security/security1.o
CC build/nghttp/nghttp2/lib/nghttp2_stream.o
CXX build/nvs_flash/src/nvs_api.o
CC build/protocomm/proto-c/sec1.pb-c.o
CC build/protocomm/proto-c/session.pb-c.o
CC build/nghttp/nghttp2/lib/nghttp2_hd.o
CC build/protocomm/proto-c/constants.pb-c.o
CC build/protocomm/proto-c/sec0.pb-c.o
CC build/protocomm/src/transports/protocomm_console.o
CC build/protocomm/src/transports/protocomm_httpd.o
CC build/nghttp/nghttp2/lib/nghttp2_priority_spec.o
CC build/nghttp/nghttp2/lib/nghttp2_buf.o
CC build/nghttp/nghttp2/lib/nghttp2_option.o
AR build/protocomm/libprotocomm.a
CC build/pthread/pthread_local_storage.o
CC build/pthread/pthread_cond_var.o
CC build/nghttp/nghttp2/lib/nghttp2_npn.o
CC build/nghttp/nghttp2/lib/nghttp2_helper.o
CC build/pthread/pthread.o
CC build/nghttp/nghttp2/lib/nghttp2_frame.o
CC build/nghttp/nghttp2/lib/nghttp2_hd_huffman_data.o
CC build/sdmmc/sdmmc_init.o
AR build/pthread/libpthread.a
CC build/sdmmc/sdmmc_io.o
CC build/nghttp/nghttp2/lib/nghttp2_debug.o
CC build/sdmmc/sdmmc_common.o
CC build/nghttp/nghttp2/lib/nghttp2_pq.o
CXX build/nvs_flash/src/nvs_storage.o
CXX build/nvs_flash/src/nvs_page.o
CC build/nghttp/nghttp2/lib/nghttp2_queue.o
CC build/sdmmc/sdmmc_mmc.o
CC build/nghttp/nghttp2/lib/nghttp2_submit.o
CC build/sdmmc/sdmmc_cmd.o
CC build/nghttp/nghttp2/lib/nghttp2_map.o
CC build/nghttp/port/http_parser.o
CC build/sdmmc/sdmmc_sd.o
AR build/sdmmc/libsdmmc.a
CC build/smartconfig_ack/smartconfig_ack.o
AR build/smartconfig_ack/libsmartconfig_ack.a
CC build/soc/esp32/soc_memory_layout.o
CC build/soc/esp32/rtc_pm.o
CC build/soc/esp32/rtc_periph.o
AR build/nghttp/libnghttp.a
CC build/spi_flash/flash_mmap.o
CC build/soc/esp32/cpu_util.o
CC build/spi_flash/partition.o
CC build/soc/esp32/sdmmc_periph.o
CC build/soc/esp32/rtc_wdt.o
CC build/spi_flash/spi_flash_rom_patch.o
CC build/soc/esp32/sdio_slave_periph.o
AR build/nvs_flash/libnvs_flash.a
CC build/spi_flash/cache_utils.o
CC build/spiffs/spiffs_api.o
CC build/soc/esp32/rtc_init.o
CC build/soc/esp32/spi_periph.o
CC build/spiffs/esp_spiffs.o
CC build/soc/esp32/rtc_clk_init.o
CC build/spi_flash/flash_ops.o
CC build/spiffs/spiffs/src/spiffs_cache.o
CC build/soc/esp32/gpio_periph.o
CC build/soc/esp32/rtc_sleep.o
CC build/soc/esp32/rtc_time.o
AR build/spi_flash/libspi_flash.a
CC build/spiffs/spiffs/src/spiffs_gc.o
CC build/soc/esp32/rtc_clk.o
CC build/soc/src//memory_layout_utils.o
CC build/spiffs/spiffs/src/spiffs_nucleus.o
CC build/tcp_transport/transport_ws.o
CC build/tcp_transport/transport_utils.o
CC build/spiffs/spiffs/src/spiffs_check.o
AR build/soc/libsoc.a
CC build/tcp_transport/transport.o
CC build/tcpip_adapter/tcpip_adapter_lwip.o
CC build/tcp_transport/transport_tcp.o
CC build/tcp_transport/transport_strcasestr.o
CC build/tcp_transport/transport_ssl.o
CC build/ulp/ulp.o
CC build/spiffs/spiffs/src/spiffs_hydrogen.o
CC build/ulp/ulp_macro.o
AR build/tcpip_adapter/libtcpip_adapter.a
CC build/unity/unity/src/unity.o
AR build/tcp_transport/libtcp_transport.a
CC build/unity/unity_runner.o
AR build/ulp/libulp.a
CC build/vfs/vfs_uart.o
CC build/unity/unity_port_esp32.o
AR build/spiffs/libspiffs.a
CC build/vfs/vfs.o
CXX build/wear_levelling/wear_levelling.o
AR build/unity/libunity.a
CC build/wifi_provisioning/src/manager.o
CXX build/wear_levelling/WL_Flash.o
CC build/wpa_supplicant/src/crypto/aes-internal-enc.o
CC build/wpa_supplicant/src/crypto/sha256-internal.o
CC build/wpa_supplicant/src/crypto/md5-internal.o
AR build/vfs/libvfs.a
CXX build/wear_levelling/crc32.o
CC build/xtensa-debug-module/eri.o
CXX build/wear_levelling/WL_Ext_Safe.o
CC build/wpa_supplicant/src/crypto/aes-internal.o
CC build/xtensa-debug-module/trax.o
CC build/wifi_provisioning/src/scheme_console.o
AR build/xtensa-debug-module/libxtensa-debug-module.a
CC build/wpa_supplicant/src/crypto/sha1.o
CXX build/wear_levelling/SPI_Flash.o
CC build/wifi_provisioning/src/scheme_softap.o
CC build/wpa_supplicant/src/crypto/aes-internal-dec.o
CC build/wifi_provisioning/src/wifi_scan.o
CC build/wpa_supplicant/src/crypto/aes-unwrap.o
CXX build/wear_levelling/Partition.o
CC build/wifi_provisioning/src/handlers.o
CXX build/wear_levelling/WL_Ext_Perf.o
CC build/wpa_supplicant/src/crypto/crypto_internal-rsa.o
CC build/wifi_provisioning/src/wifi_config.o
BIN phy_init_data.bin
CC build/wpa_supplicant/src/crypto/des-internal.o
AR build/wear_levelling/libwear_levelling.a
CC build/wifi_provisioning/proto-c/wifi_constants.pb-c.o
CC build/wifi_provisioning/proto-c/wifi_config.pb-c.o
CC build/wpa_supplicant/src/crypto/dh_groups.o
CC build/wpa_supplicant/src/crypto/crypto_internal.o
CC build/wpa_supplicant/src/crypto/crypto_mbedtls.o
CC build/wifi_provisioning/proto-c/wifi_scan.pb-c.o

CC build/wpa_supplicant/src/crypto/aes-wrap.o
CC build/wpa_supplicant/src/crypto/sha1-internal.o
CC build/wpa_supplicant/src/crypto/md4-internal.o
AR build/wifi_provisioning/libwifi_provisioning.a
CC build/wpa_supplicant/src/crypto/dh_group5.o
CC build/wpa_supplicant/src/crypto/sha256.o
CC build/wpa_supplicant/src/crypto/rc4.o
CC build/wpa_supplicant/src/crypto/md5.o
CC build/wpa_supplicant/src/crypto/aes-cbc.o
CC build/wpa_supplicant/src/crypto/sha1-pbkdf2.o
CC build/wpa_supplicant/src/crypto/bignum.o
CC build/wpa_supplicant/src/crypto/crypto_internal-modexp.o
CC build/wpa_supplicant/src/crypto/crypto_internal-cipher.o
CC build/wpa_supplicant/src/crypto/ms_funcs.o
CC build/wpa_supplicant/port/os_xtensa.o
CC build/wpa_supplicant/src/fast_crypto/fast_aes-wrap.o
CC build/wpa_supplicant/src/fast_crypto/fast_sha256-internal.o
CC build/wpa_supplicant/src/fast_crypto/fast_aes-cbc.o
CC build/wpa_supplicant/src/fast_crypto/fast_crypto_internal.o
CC build/wpa_supplicant/src/fast_crypto/fast_sha256.o
CC build/wpa_supplicant/src/fast_crypto/fast_aes-unwrap.o
CC build/wpa_supplicant/src/fast_crypto/fast_crypto_internal-modexp.o
CC build/wpa_supplicant/src/fast_crypto/fast_crypto_internal-cipher.o
CC build/wpa_supplicant/src/wpa2/eap_peer/eap.o
CC build/wpa_supplicant/src/wpa2/eap_peer/eap_common.o
CC build/wpa_supplicant/src/wpa2/eap_peer/mschapv2.o
CC build/wpa_supplicant/src/wpa2/eap_peer/eap_tls.o
CC build/wpa_supplicant/src/wpa2/eap_peer/eap_tls_common.o
CC build/wpa_supplicant/src/wpa2/eap_peer/eap_ttls.o
CC build/wpa_supplicant/src/wpa2/eap_peer/eap_peap.o
CC build/wpa_supplicant/src/wpa2/eap_peer/eap_mschapv2.o
CC build/wpa_supplicant/src/wpa2/eap_peer/chap.o
CC build/wpa_supplicant/src/wpa2/eap_peer/eap_peap_common.o
CC build/wpa_supplicant/src/wpa2/tls/tlsv1_record.o
CC build/wpa_supplicant/src/wpa2/tls/pkcs8.o
CC build/wpa_supplicant/src/wpa2/tls/x509v3.o
CC build/wpa_supplicant/src/wpa2/tls/tlsv1_cred.o
CC build/wpa_supplicant/src/wpa2/tls/tlsv1_client_read.o
CC build/wpa_supplicant/src/wpa2/tls/tlsv1_client.o
CC build/wpa_supplicant/src/wpa2/tls/rsa.o
CC build/wpa_supplicant/src/wpa2/tls/tlsv1_client_write.o
CC build/wpa_supplicant/src/wpa2/tls/asn1.o
CC build/wpa_supplicant/src/wpa2/tls/tlsv1_server_read.o
CC build/wpa_supplicant/src/wpa2/tls/pkcs1.o
CC build/wpa_supplicant/src/wpa2/tls/pkcs5.o
CC build/wpa_supplicant/src/wpa2/tls/tlsv1_server.o
CC build/wpa_supplicant/src/wpa2/tls/bignum.o
CC build/wpa_supplicant/src/wpa2/tls/tlsv1_server_write.o
CC build/wpa_supplicant/src/wpa2/tls/tlsv1_common.o
CC build/wpa_supplicant/src/wpa2/tls/tls_internal.o
CC build/wpa_supplicant/src/wpa2/utils/base64.o
CC build/wpa_supplicant/src/wpa2/utils/ext_password.o
CC build/wpa_supplicant/src/wps/eap_common.o
CC build/wpa_supplicant/src/wps/wps_attr_process.o
CC build/wpa_supplicant/src/wps/wps_validate.o
CC build/wpa_supplicant/src/wps/wps_attr_parse.o
CC build/wpa_supplicant/src/wps/wps_dev_attr.o
Generating libapp_trace.a.sections_info
CC build/wpa_supplicant/src/wps/wps.o
Generating libapp_update.a.sections_info
CC build/wpa_supplicant/src/wps/wps_common.o
CC build/wpa_supplicant/src/wps/wps_registrar.o
Generating libarduino.a.sections_info
Generating libasio.a.sections_info
CC build/wpa_supplicant/src/wps/wps_attr_build.o
CC build/wpa_supplicant/src/wps/uuid.o
Generating libaws_iot.a.sections_info
CC build/wpa_supplicant/src/wps/wps_enrollee.o
Generating libbootloader_support.a.sections_info
Generating libbt.a.sections_info
Generating libcoap.a.sections_info
Generating libconsole.a.sections_info
Generating libcxx.a.sections_info
Generating libdriver.a.sections_info
Generating libefuse.a.sections_info
Generating libesp-tls.a.sections_info
Generating libesp32.a.sections_info
Generating libesp_adc_cal.a.sections_info
Generating libesp_event.a.sections_info
Generating libesp_http_client.a.sections_info
Generating libesp_http_server.a.sections_info
Generating libesp_https_ota.a.sections_info
Generating libesp_https_server.a.sections_info
Generating libesp_ringbuf.a.sections_info
Generating libespcoredump.a.sections_info
Generating libethernet.a.sections_info
Generating libexpat.a.sections_info
Generating libfatfs.a.sections_info
Generating libfreemodbus.a.sections_info
Generating libfreertos.a.sections_info
Generating libheap.a.sections_info
Generating libidf_test.a.sections_info
Generating libjsmn.a.sections_info
Generating libjson.a.sections_info
Generating liblibsodium.a.sections_info
Generating liblog.a.sections_info
Generating liblwip.a.sections_info
Generating libmain.a.sections_info
Generating libmbedtls.a.sections_info
Generating libmdns.a.sections_info
Generating libmicro-ecc.a.sections_info
Generating libmqtt.a.sections_info
Generating libnewlib.a.sections_info
Generating libnghttp.a.sections_info
Generating libnimble.a.sections_info
Generating libnvs_flash.a.sections_info
Generating libopenssl.a.sections_info
Generating libprotobuf-c.a.sections_info
Generating libprotocomm.a.sections_info
Generating libpthread.a.sections_info
Generating libsdmmc.a.sections_info
Generating libsmartconfig_ack.a.sections_info
Generating libsoc.a.sections_info
Generating libspi_flash.a.sections_info
Generating libspiffs.a.sections_info
Generating libtcp_transport.a.sections_info
Generating libtcpip_adapter.a.sections_info
Generating libulp.a.sections_info
Generating libunity.a.sections_info
Generating libvfs.a.sections_info
Generating libwear_levelling.a.sections_info
Generating libwifi_provisioning.a.sections_info
Generating libxtensa-debug-module.a.sections_info
AR build/wpa_supplicant/libwpa_supplicant.a
Generating libwpa_supplicant.a.sections_info
Generating esp32.project.ld
LD build/nina-fw.elf
esptool.py v2.8
To flash all build output, run 'make flash' or:
python /home/pi/esp/esp-idf/components/esptool_py/esptool/esptool.py --chip esp32 --port /dev/ttyACM0 --baud 115200 --before default_reset --after hard_reset write_flash -z --flash_mode dio --flash_freq 40m --flash_size detect 0x1000 /home/pi/esp/nina-fw-mine/build/bootloader/bootloader.bin 0xf000 /home/pi/esp/nina-fw-mine/build/phy_init_data.bin 0x30000 /home/pi/esp/nina-fw-mine/build/nina-fw.bin 0x8000 /home/pi/esp/nina-fw-mine/build/partitions.bin
